#
# A fatal error has been detected by the Java Runtime Environment:
#
#  EXCEPTION_ACCESS_VIOLATION (0xc0000005) at pc=0x0000028679241066, pid=14316, tid=8520
#
# JRE version: OpenJDK Runtime Environment Temurin-11.0.16.1+1 (11.0.16.1+1) (build 11.0.16.1+1)
# Java VM: OpenJDK 64-Bit Server VM Temurin-11.0.16.1+1 (11.0.16.1+1, mixed mode, tiered, compressed oops, g1 gc, windows-amd64)
# Problematic frame:
# C  [OpenAL64.dll+0x11066]
#
# No core dump will be written. Minidumps are not enabled by default on client versions of Windows
#
# If you would like to submit a bug report, please visit:
#   https://github.com/adoptium/adoptium-support/issues
# The crash happened outside the Java Virtual Machine in native code.
# See problematic frame for where to report the bug.
#

---------------  S U M M A R Y ------------

Command Line: -Duser.language=es_AR -Dfile.encoding=UTF-8 org.uqbar.project.wollok.launch.WollokLauncher -requestsPort 0 -eventsPort 0 -folder -dontValidate -coercingStrategy decimals -wf src/juego.wpgm -darkMode

Host: Intel(R) Core(TM) i7-7500U CPU @ 2.70GHz, 4 cores, 15G,  Windows 10 , 64 bit Build 19041 (10.0.19041.1889)
Time: Fri Oct 28 10:35:19 2022 Hora estándar de Argentina elapsed time: 4.030302 seconds (0d 0h 0m 4s)

---------------  T H R E A D  ---------------

Current thread (0x0000028651698000):  JavaThread "main" [_thread_in_native, id=8520, stack(0x000000cf61800000,0x000000cf61900000)]

Stack: [0x000000cf61800000,0x000000cf61900000],  sp=0x000000cf618fcbb0,  free space=1010k
Native frames: (J=compiled Java code, j=interpreted, Vv=VM code, C=native code)
C  [OpenAL64.dll+0x11066]

Java frames: (J=compiled Java code, j=interpreted, Vv=VM code)
j  org.lwjgl.openal.ALC10.nalcCreateContext(JJ)J+0
j  org.lwjgl.openal.ALC10.alcCreateContext(Lorg/lwjgl/openal/ALCdevice;Ljava/nio/IntBuffer;)Lorg/lwjgl/openal/ALCcontext;+8
j  org.lwjgl.openal.AL.init(Ljava/lang/String;IIZZ)V+69
j  org.lwjgl.openal.AL.create(Ljava/lang/String;IIZZ)V+246
j  org.lwjgl.openal.AL.create(Ljava/lang/String;IIZ)V+5
j  org.lwjgl.openal.AL.create()V+6
j  com.badlogic.gdx.backends.lwjgl.audio.OpenALAudio.<init>(III)V+114
j  com.badlogic.gdx.backends.lwjgl.LwjglApplication.<init>(Lcom/badlogic/gdx/ApplicationListener;Lcom/badlogic/gdx/backends/lwjgl/LwjglApplicationConfiguration;Lcom/badlogic/gdx/backends/lwjgl/LwjglGraphics;)V+120
j  com.badlogic.gdx.backends.lwjgl.LwjglApplication.<init>(Lcom/badlogic/gdx/ApplicationListener;Lcom/badlogic/gdx/backends/lwjgl/LwjglApplicationConfiguration;)V+11
j  org.uqbar.project.wollok.game.gameboard.WollokGDXApplication.<init>(Lorg/uqbar/project/wollok/game/gameboard/Gameboard;Ljava/lang/Boolean;)V+17
j  org.uqbar.project.wollok.game.helpers.Application.start(Lorg/uqbar/project/wollok/game/gameboard/Gameboard;Ljava/lang/Boolean;)V+5
j  org.uqbar.project.wollok.game.gameboard.Gameboard.start(Ljava/lang/Boolean;)V+13
j  wollok.game.GameObject.doStart(Ljava/lang/Boolean;)V+12
v  ~StubRoutines::call_stub
j  jdk.internal.reflect.NativeMethodAccessorImpl.invoke0(Ljava/lang/reflect/Method;Ljava/lang/Object;[Ljava/lang/Object;)Ljava/lang/Object;+0 java.base@11.0.16.1
j  jdk.internal.reflect.NativeMethodAccessorImpl.invoke(Ljava/lang/Object;[Ljava/lang/Object;)Ljava/lang/Object;+100 java.base@11.0.16.1
J 3022 c1 jdk.internal.reflect.DelegatingMethodAccessorImpl.invoke(Ljava/lang/Object;[Ljava/lang/Object;)Ljava/lang/Object; java.base@11.0.16.1 (10 bytes) @ 0x000002865a9cd0cc [0x000002865a9ccfc0+0x000000000000010c]
J 3021 c1 java.lang.reflect.Method.invoke(Ljava/lang/Object;[Ljava/lang/Object;)Ljava/lang/Object; java.base@11.0.16.1 (65 bytes) @ 0x000002865a9ccb64 [0x000002865a9cc820+0x0000000000000344]
j  org.uqbar.project.wollok.ui.utils.XTendUtilExtensions.invokeConvertingArgs(Ljava/lang/reflect/Method;Ljava/lang/Object;[Ljava/lang/Object;)Lorg/uqbar/project/wollok/interpreter/core/WollokObject;+261
j  org.uqbar.project.wollok.interpreter.AbstractWollokCallable._invokeNative(Ljava/lang/Object;Ljava/lang/String;[Lorg/uqbar/project/wollok/interpreter/core/WollokObject;)Lorg/uqbar/project/wollok/interpreter/core/WollokObject;+41
j  org.uqbar.project.wollok.interpreter.AbstractWollokCallable.invokeNative(Ljava/lang/Object;Ljava/lang/String;[Lorg/uqbar/project/wollok/interpreter/core/WollokObject;)Lorg/uqbar/project/wollok/interpreter/core/WollokObject;+26
j  org.uqbar.project.wollok.interpreter.AbstractWollokCallable$1.apply()Lorg/uqbar/project/wollok/interpreter/core/WollokObject;+55
j  org.uqbar.project.wollok.interpreter.AbstractWollokCallable$1.apply()Ljava/lang/Object;+1
j  org.uqbar.project.wollok.interpreter.threads.WThread.performOnStack(Lorg/eclipse/emf/ecore/EObject;Lorg/uqbar/project/wollok/interpreter/context/EvaluationContext;Lorg/eclipse/xtext/xbase/lib/Functions$Function0;)Lorg/uqbar/project/wollok/interpreter/core/WollokObject;+29
j  org.uqbar.project.wollok.interpreter.WollokInterpreter.performOnStack(Lorg/eclipse/emf/ecore/EObject;Lorg/uqbar/project/wollok/interpreter/context/EvaluationContext;Lorg/eclipse/xtext/xbase/lib/Functions$Function0;)Lorg/uqbar/project/wollok/interpreter/core/WollokObject;+7
j  org.uqbar.project.wollok.interpreter.AbstractWollokCallable.call(Lorg/uqbar/project/wollok/wollokDsl/WMethodDeclaration;[Lorg/uqbar/project/wollok/interpreter/core/WollokObject;)Lorg/uqbar/project/wollok/interpreter/core/WollokObject;+38
j  org.uqbar.project.wollok.interpreter.core.WollokObject.call(Ljava/lang/String;[Lorg/uqbar/project/wollok/interpreter/core/WollokObject;)Lorg/uqbar/project/wollok/interpreter/core/WollokObject;+55
j  org.uqbar.project.wollok.interpreter.WollokInterpreterEvaluator._evaluate(Lorg/uqbar/project/wollok/wollokDsl/WFeatureCall;)Lorg/uqbar/project/wollok/interpreter/core/WollokObject;+119
j  org.uqbar.project.wollok.launch.WollokLauncherInterpreterEvaluator.evaluate(Lorg/eclipse/emf/ecore/EObject;)Lorg/uqbar/project/wollok/interpreter/core/WollokObject;+412
j  org.uqbar.project.wollok.interpreter.WollokInterpreterEvaluator.evaluate(Lorg/eclipse/emf/ecore/EObject;)Ljava/lang/Object;+2
j  org.uqbar.project.wollok.interpreter.WollokInterpreter.eval(Lorg/eclipse/emf/ecore/EObject;)Lorg/uqbar/project/wollok/interpreter/core/WollokObject;+63
j  org.uqbar.project.wollok.interpreter.WollokInterpreterEvaluator.eval(Lorg/eclipse/emf/ecore/EObject;)Lorg/uqbar/project/wollok/interpreter/core/WollokObject;+5
j  org.uqbar.project.wollok.interpreter.WollokInterpreterEvaluator$1.apply(Lorg/uqbar/project/wollok/interpreter/core/WollokObject;Lorg/eclipse/emf/ecore/EObject;)Lorg/uqbar/project/wollok/interpreter/core/WollokObject;+5
j  org.uqbar.project.wollok.interpreter.WollokInterpreterEvaluator$1.apply(Ljava/lang/Object;Ljava/lang/Object;)Ljava/lang/Object;+9
j  org.eclipse.xtext.xbase.lib.IteratorExtensions.fold(Ljava/util/Iterator;Ljava/lang/Object;Lorg/eclipse/xtext/xbase/lib/Functions$Function2;)Ljava/lang/Object;+19
j  org.eclipse.xtext.xbase.lib.IterableExtensions.fold(Ljava/lang/Iterable;Ljava/lang/Object;Lorg/eclipse/xtext/xbase/lib/Functions$Function2;)Ljava/lang/Object;+8
j  org.uqbar.project.wollok.interpreter.WollokInterpreterEvaluator.evalAll(Ljava/lang/Iterable;)Lorg/uqbar/project/wollok/interpreter/core/WollokObject;+12
j  org.uqbar.project.wollok.interpreter.WollokInterpreterEvaluator._evaluate(Lorg/uqbar/project/wollok/wollokDsl/WBlockExpression;)Lorg/uqbar/project/wollok/interpreter/core/WollokObject;+34
j  org.uqbar.project.wollok.launch.WollokLauncherInterpreterEvaluator.evaluate(Lorg/eclipse/emf/ecore/EObject;)Lorg/uqbar/project/wollok/interpreter/core/WollokObject;+76
j  org.uqbar.project.wollok.interpreter.WollokInterpreterEvaluator.evaluate(Lorg/eclipse/emf/ecore/EObject;)Ljava/lang/Object;+2
j  org.uqbar.project.wollok.interpreter.WollokInterpreter.eval(Lorg/eclipse/emf/ecore/EObject;)Lorg/uqbar/project/wollok/interpreter/core/WollokObject;+63
j  org.uqbar.project.wollok.interpreter.AbstractWollokCallable.eval(Lorg/eclipse/emf/ecore/EObject;)Lorg/uqbar/project/wollok/interpreter/core/WollokObject;+5
j  org.uqbar.project.wollok.interpreter.AbstractWollokCallable$1.apply()Lorg/uqbar/project/wollok/interpreter/core/WollokObject;+110
j  org.uqbar.project.wollok.interpreter.AbstractWollokCallable$1.apply()Ljava/lang/Object;+1
j  org.uqbar.project.wollok.interpreter.threads.WThread.performOnStack(Lorg/eclipse/emf/ecore/EObject;Lorg/uqbar/project/wollok/interpreter/context/EvaluationContext;Lorg/eclipse/xtext/xbase/lib/Functions$Function0;)Lorg/uqbar/project/wollok/interpreter/core/WollokObject;+29
j  org.uqbar.project.wollok.interpreter.WollokInterpreter.performOnStack(Lorg/eclipse/emf/ecore/EObject;Lorg/uqbar/project/wollok/interpreter/context/EvaluationContext;Lorg/eclipse/xtext/xbase/lib/Functions$Function0;)Lorg/uqbar/project/wollok/interpreter/core/WollokObject;+7
j  org.uqbar.project.wollok.interpreter.AbstractWollokCallable.call(Lorg/uqbar/project/wollok/wollokDsl/WMethodDeclaration;[Lorg/uqbar/project/wollok/interpreter/core/WollokObject;)Lorg/uqbar/project/wollok/interpreter/core/WollokObject;+38
j  org.uqbar.project.wollok.interpreter.core.WollokObject.call(Ljava/lang/String;[Lorg/uqbar/project/wollok/interpreter/core/WollokObject;)Lorg/uqbar/project/wollok/interpreter/core/WollokObject;+55
j  org.uqbar.project.wollok.interpreter.WollokInterpreterEvaluator._evaluate(Lorg/uqbar/project/wollok/wollokDsl/WFeatureCall;)Lorg/uqbar/project/wollok/interpreter/core/WollokObject;+119
j  org.uqbar.project.wollok.launch.WollokLauncherInterpreterEvaluator.evaluate(Lorg/eclipse/emf/ecore/EObject;)Lorg/uqbar/project/wollok/interpreter/core/WollokObject;+412
j  org.uqbar.project.wollok.interpreter.WollokInterpreterEvaluator.evaluate(Lorg/eclipse/emf/ecore/EObject;)Ljava/lang/Object;+2
j  org.uqbar.project.wollok.interpreter.WollokInterpreter.eval(Lorg/eclipse/emf/ecore/EObject;)Lorg/uqbar/project/wollok/interpreter/core/WollokObject;+63
j  org.uqbar.project.wollok.interpreter.WollokInterpreterEvaluator.eval(Lorg/eclipse/emf/ecore/EObject;)Lorg/uqbar/project/wollok/interpreter/core/WollokObject;+5
j  org.uqbar.project.wollok.interpreter.WollokInterpreterEvaluator$1.apply(Lorg/uqbar/project/wollok/interpreter/core/WollokObject;Lorg/eclipse/emf/ecore/EObject;)Lorg/uqbar/project/wollok/interpreter/core/WollokObject;+5
j  org.uqbar.project.wollok.interpreter.WollokInterpreterEvaluator$1.apply(Ljava/lang/Object;Ljava/lang/Object;)Ljava/lang/Object;+9
j  org.eclipse.xtext.xbase.lib.IteratorExtensions.fold(Ljava/util/Iterator;Ljava/lang/Object;Lorg/eclipse/xtext/xbase/lib/Functions$Function2;)Ljava/lang/Object;+19
j  org.eclipse.xtext.xbase.lib.IterableExtensions.fold(Ljava/lang/Iterable;Ljava/lang/Object;Lorg/eclipse/xtext/xbase/lib/Functions$Function2;)Ljava/lang/Object;+8
j  org.uqbar.project.wollok.interpreter.WollokInterpreterEvaluator.evalAll(Ljava/lang/Iterable;)Lorg/uqbar/project/wollok/interpreter/core/WollokObject;+12
j  org.uqbar.project.wollok.interpreter.WollokInterpreterEvaluator._evaluate(Lorg/uqbar/project/wollok/wollokDsl/WProgram;)Lorg/uqbar/project/wollok/interpreter/core/WollokObject;+18
j  org.uqbar.project.wollok.launch.WollokLauncherInterpreterEvaluator.evaluate(Lorg/eclipse/emf/ecore/EObject;)Lorg/uqbar/project/wollok/interpreter/core/WollokObject;+444
j  org.uqbar.project.wollok.interpreter.WollokInterpreterEvaluator.evaluate(Lorg/eclipse/emf/ecore/EObject;)Ljava/lang/Object;+2
j  org.uqbar.project.wollok.interpreter.WollokInterpreter.eval(Lorg/eclipse/emf/ecore/EObject;)Lorg/uqbar/project/wollok/interpreter/core/WollokObject;+63
j  org.uqbar.project.wollok.interpreter.WollokInterpreterEvaluator.eval(Lorg/eclipse/emf/ecore/EObject;)Lorg/uqbar/project/wollok/interpreter/core/WollokObject;+5
j  org.uqbar.project.wollok.launch.WollokLauncherInterpreterEvaluator._evaluate(Lorg/uqbar/project/wollok/wollokDsl/WFile;)Lorg/uqbar/project/wollok/interpreter/core/WollokObject;+32
j  org.uqbar.project.wollok.launch.WollokLauncherInterpreterEvaluator.evaluate(Lorg/eclipse/emf/ecore/EObject;)Lorg/uqbar/project/wollok/interpreter/core/WollokObject;+428
j  org.uqbar.project.wollok.interpreter.WollokInterpreterEvaluator.evaluate(Lorg/eclipse/emf/ecore/EObject;)Ljava/lang/Object;+2
j  org.uqbar.project.wollok.interpreter.WollokInterpreter.interpret(Lorg/eclipse/emf/ecore/EObject;Ljava/lang/Boolean;)Lorg/uqbar/project/wollok/interpreter/core/WollokObject;+25
j  org.uqbar.project.wollok.interpreter.WollokInterpreter.interpret(Lorg/eclipse/emf/ecore/EObject;)Lorg/uqbar/project/wollok/interpreter/core/WollokObject;+8
j  org.uqbar.project.wollok.launch.WollokLauncher.doSomething(Lorg/uqbar/project/wollok/wollokDsl/WFile;Lcom/google/inject/Injector;Ljava/io/File;Lorg/uqbar/project/wollok/launch/WollokLauncherParameters;)V+109
j  org.uqbar.project.wollok.launch.WollokChecker.launch(Ljava/lang/String;Lorg/uqbar/project/wollok/launch/WollokLauncherParameters;)V+31
j  org.uqbar.project.wollok.launch.WollokChecker.doMain([Ljava/lang/String;)V+205
j  org.uqbar.project.wollok.launch.WollokLauncher.main([Ljava/lang/String;)V+8
v  ~StubRoutines::call_stub

siginfo: EXCEPTION_ACCESS_VIOLATION (0xc0000005), reading address 0x0000028676e6d004


Register to memory mapping:

RIP=0x0000028679241066 OpenAL64.dll
RAX=0x0000000000000004 is an unknown value
RBX=0x000002867a930090 points into unknown readable memory: 0x0000000100000002 | 02 00 00 00 01 00 00 00
RCX=0x0000028676e6d008 is an unknown value
RDX=0x0000028676e6d004 is an unknown value
RSP=0x000000cf618fcbb0 is pointing into the stack for thread: 0x0000028651698000
RBP=0x00000000000000ff is an unknown value
RSI=0x0000028676e6642c points into unknown readable memory: 86 02 00 00
RDI=0x0 is NULL
R8 =0x0000000000001af6 is an unknown value
R9 =0x0000028676e6642c points into unknown readable memory: 86 02 00 00
R10=0x0000028659dff748 is at code_begin+1000 in an Interpreter codelet
method entry point (kind = native)  [0x0000028659dff360, 0x0000028659dffe00]  2720 bytes
R11=0x0000000712c39578 is an oop: java.lang.Class 
{0x0000000712c39578} - klass: 'java/lang/Class'
R12=0x0000000000000001 is an unknown value
R13={method} {0x0000028678f60348} 'nalcCreateContext' '(JJ)J' in 'org/lwjgl/openal/ALC10'
R14=0x000000cf618fcd50 is pointing into the stack for thread: 0x0000028651698000
R15=0x0000028651698000 is a thread


Registers:
RAX=0x0000000000000004, RBX=0x000002867a930090, RCX=0x0000028676e6d008, RDX=0x0000028676e6d004
RSP=0x000000cf618fcbb0, RBP=0x00000000000000ff, RSI=0x0000028676e6642c, RDI=0x0000000000000000
R8 =0x0000000000001af6, R9 =0x0000028676e6642c, R10=0x0000028659dff748, R11=0x0000000712c39578
R12=0x0000000000000001, R13=0x0000028678f60340, R14=0x000000cf618fcd50, R15=0x0000028651698000
RIP=0x0000028679241066, EFLAGS=0x0000000000010202

Top of Stack: (sp=0x000000cf618fcbb0)
0x000000cf618fcbb0:   0000000200000004 0000000000000002
0x000000cf618fcbc0:   00000286516988f0 0000002800000003
0x000000cf618fcbd0:   0000028651698000 000000cf618fcd50
0x000000cf618fcbe0:   0000028678f60340 00007ffa410bf645
0x000000cf618fcbf0:   0000000000001e20 0000028674e76b70
0x000000cf618fcc00:   0000028651698000 0000028651698000
0x000000cf618fcc10:   0000000000001e20 00007ffa40e46dec
0x000000cf618fcc20:   0000028651698000 000000cf618fcd50
0x000000cf618fcc30:   0000028678f60340 0000000000000000
0x000000cf618fcc40:   0000028676e6642c 0000028674e76b70
0x000000cf618fcc50:   000000cf618fcd18 000002867924248f
0x000000cf618fcc60:   000002867a930090 000002867a930090
0x000000cf618fcc70:   000002860000ac44 0000028600000004
0x000000cf618fcc80:   0000000000001e20 0000028659dff777
0x000000cf618fcc90:   0000028678f60340 0000028659dff45c
0x000000cf618fcca0:   0000028678f60340 000000cf618fcd18 

Instructions: (pc=0x0000028679241066)
0x0000028679240f66:   b0 00 00 00 0f ba a3 fc 00 00 00 1f 44 89 9c 24
0x0000028679240f76:   b0 00 00 00 73 15 48 8b 83 f8 61 01 00 48 8b cb
0x0000028679240f86:   ff 50 20 44 8b 9c 24 b0 00 00 00 0f ba b3 fc 00
0x0000028679240f96:   00 00 1f 44 89 7b 38 44 89 6b 44 44 89 73 48 e9
0x0000028679240fa6:   56 01 00 00 83 3d 4f 94 04 00 02 0f 8c 8e fe ff
0x0000028679240fb6:   ff 4c 8d 05 a2 2c 03 00 e9 6f fe ff ff 48 3b d7
0x0000028679240fc6:   0f 84 3f 01 00 00 39 3a 0f 84 37 01 00 00 0f ba
0x0000028679240fd6:   a1 fc 00 00 00 1f 73 0a 48 8b 81 f8 61 01 00 ff
0x0000028679240fe6:   50 20 8b 43 38 0f ba b3 fc 00 00 00 1f 8b 6b 64
0x0000028679240ff6:   44 8b 63 68 89 84 24 c0 00 00 00 8b 43 6c 89 84
0x0000028679241006:   24 c8 00 00 00 4c 8b c7 39 3e 74 58 48 8b d6 48
0x0000028679241016:   8d 4e 04 81 3a 07 10 00 00 75 10 8b 01 83 8b fc
0x0000028679241026:   00 00 00 02 89 84 24 c0 00 00 00 81 3a 11 10 00
0x0000028679241036:   00 75 10 8b 6b 5c 44 8b 21 44 3b e5 44 0f 47 e5
0x0000028679241046:   41 2b ec 81 3a 03 00 02 00 75 09 8b 01 89 84 24
0x0000028679241056:   c8 00 00 00 49 83 c0 02 48 83 c1 08 4a 8d 14 86
0x0000028679241066:   39 3a 75 af 4c 8d 84 24 c0 00 00 00 48 8d 15 d7
0x0000028679241076:   2b 03 00 33 c9 e8 58 5f 00 00 b8 40 1f 00 00 4c
0x0000028679241086:   8d 84 24 c8 00 00 00 39 84 24 c0 00 00 00 48 8d
0x0000028679241096:   15 e9 2b 03 00 0f 47 84 24 c0 00 00 00 33 c9 89
0x00000286792410a6:   84 24 c0 00 00 00 e8 27 5f 00 00 8b 43 3c 44 8b
0x00000286792410b6:   84 24 c0 00 00 00 8b 4b 38 41 bb 04 00 00 00 44
0x00000286792410c6:   39 9c 24 c8 00 00 00 44 0f 42 9c 24 c8 00 00 00
0x00000286792410d6:   33 d2 44 89 9c 24 c8 00 00 00 49 0f af c0 48 f7
0x00000286792410e6:   f1 89 43 3c f6 05 43 b6 04 00 01 74 09 83 c0 03
0x00000286792410f6:   83 e0 fc 89 43 3c 44 89 43 38 44 89 5b 6c 44 89
0x0000028679241106:   63 68 89 6b 64 44 8b 9b fc 00 00 00 41 0f ba e3
0x0000028679241116:   1f 0f 82 6a 05 00 00 44 8b 6b 38 8b 6b 44 44 8b
0x0000028679241126:   63 48 41 bf 03 00 00 00 48 8d 35 5b 2b 03 00 4c
0x0000028679241136:   8d 35 80 dc 02 00 44 39 3d bd 92 04 00 0f 8c 81
0x0000028679241146:   00 00 00 4c 8d 15 88 28 03 00 4c 8d 35 f5 2a 03
0x0000028679241156:   00 41 f6 c3 02 4d 8b ca 41 8b cc 4d 0f 45 ce e8 


Stack slot to memory mapping:
stack at sp + 0 slots: 0x0000000200000004 is an unknown value
stack at sp + 1 slots: 0x0000000000000002 is an unknown value
stack at sp + 2 slots: 0x00000286516988f0 points into unknown readable memory: 0x6e616c2e6176616a | 6a 61 76 61 2e 6c 61 6e
stack at sp + 3 slots: 0x0000002800000003 is an unknown value
stack at sp + 4 slots: 0x0000028651698000 is a thread
stack at sp + 5 slots: 0x000000cf618fcd50 is pointing into the stack for thread: 0x0000028651698000
stack at sp + 6 slots: {method} {0x0000028678f60348} 'nalcCreateContext' '(JJ)J' in 'org/lwjgl/openal/ALC10'
stack at sp + 7 slots: 0x00007ffa410bf645 jvm.dll


---------------  P R O C E S S  ---------------

Threads class SMR info:
_java_thread_list=0x0000028675e91f40, length=13, elements={
0x0000028651698000, 0x0000028674a59800, 0x0000028674a5b000, 0x0000028675333800,
0x0000028675336800, 0x0000028675337800, 0x000002867533c800, 0x000002867534a800,
0x000002867534b800, 0x00000286754d8000, 0x000002867596e000, 0x00000286760ff800,
0x0000028676039800
}

Java Threads: ( => current thread )
=>0x0000028651698000 JavaThread "main" [_thread_in_native, id=8520, stack(0x000000cf61800000,0x000000cf61900000)]
  0x0000028674a59800 JavaThread "Reference Handler" daemon [_thread_blocked, id=4008, stack(0x000000cf61f00000,0x000000cf62000000)]
  0x0000028674a5b000 JavaThread "Finalizer" daemon [_thread_blocked, id=15028, stack(0x000000cf62000000,0x000000cf62100000)]
  0x0000028675333800 JavaThread "Signal Dispatcher" daemon [_thread_blocked, id=8464, stack(0x000000cf62200000,0x000000cf62300000)]
  0x0000028675336800 JavaThread "Attach Listener" daemon [_thread_blocked, id=1760, stack(0x000000cf62300000,0x000000cf62400000)]
  0x0000028675337800 JavaThread "Service Thread" daemon [_thread_blocked, id=11008, stack(0x000000cf62400000,0x000000cf62500000)]
  0x000002867533c800 JavaThread "C2 CompilerThread0" daemon [_thread_in_native, id=4332, stack(0x000000cf62500000,0x000000cf62600000)]
  0x000002867534a800 JavaThread "C1 CompilerThread0" daemon [_thread_blocked, id=2820, stack(0x000000cf62600000,0x000000cf62700000)]
  0x000002867534b800 JavaThread "Sweeper thread" daemon [_thread_blocked, id=14836, stack(0x000000cf62700000,0x000000cf62800000)]
  0x00000286754d8000 JavaThread "Common-Cleaner" daemon [_thread_blocked, id=15228, stack(0x000000cf62900000,0x000000cf62a00000)]
  0x000002867596e000 JavaThread "C2 CompilerThread1" daemon [_thread_blocked, id=3480, stack(0x000000cf62a00000,0x000000cf62b00000)]
  0x00000286760ff800 JavaThread "EMF Reference Cleaner" daemon [_thread_blocked, id=7220, stack(0x000000cf62e00000,0x000000cf62f00000)]
  0x0000028676039800 JavaThread "com.google.inject.internal.util.$Finalizer" daemon [_thread_blocked, id=13976, stack(0x000000cf62f00000,0x000000cf63000000)]

Other Threads:
  0x0000028674a35800 VMThread "VM Thread" [stack: 0x000000cf61e00000,0x000000cf61f00000] [id=6672]
  0x00000286754d0800 WatcherThread [stack: 0x000000cf62800000,0x000000cf62900000] [id=11860]
  0x00000286516b0800 GCTaskThread "GC Thread#0" [stack: 0x000000cf61900000,0x000000cf61a00000] [id=3248]
  0x00000286754e0800 GCTaskThread "GC Thread#1" [stack: 0x000000cf62b00000,0x000000cf62c00000] [id=2604]
  0x0000028675a11000 GCTaskThread "GC Thread#2" [stack: 0x000000cf62c00000,0x000000cf62d00000] [id=10628]
  0x0000028675a11800 GCTaskThread "GC Thread#3" [stack: 0x000000cf62d00000,0x000000cf62e00000] [id=6936]
  0x0000028651710000 ConcurrentGCThread "G1 Main Marker" [stack: 0x000000cf61a00000,0x000000cf61b00000] [id=13556]
  0x0000028651711800 ConcurrentGCThread "G1 Conc#0" [stack: 0x000000cf61b00000,0x000000cf61c00000] [id=10684]
  0x0000028674916800 ConcurrentGCThread "G1 Refine#0" [stack: 0x000000cf61c00000,0x000000cf61d00000] [id=4752]
  0x0000028674919800 ConcurrentGCThread "G1 Young RemSet Sampling" [stack: 0x000000cf61d00000,0x000000cf61e00000] [id=5308]

Threads with active compile tasks:
C2 CompilerThread0     4156 3208       4       org.eclipse.xtext.util.OnChangeEvictingCache::get (75 bytes)

VM state:not at safepoint (normal execution)

VM Mutex/Monitor currently owned by a thread: None

Heap address: 0x0000000701800000, size: 4072 MB, Compressed Oops mode: Zero based, Oop shift amount: 3
Narrow klass base: 0x0000000800000000, Narrow klass shift: 0
Compressed class space size: 1073741824 Address: 0x0000000800000000

Heap:
 garbage-first heap   total 315392K, used 52412K [0x0000000701800000, 0x0000000800000000)
  region size 1024K, 37 young (37888K), 5 survivors (5120K)
 Metaspace       used 26225K, capacity 26460K, committed 26624K, reserved 1073152K
  class space    used 2953K, capacity 3038K, committed 3072K, reserved 1048576K
Heap Regions: E=young(eden), S=young(survivor), O=old, HS=humongous(starts), HC=humongous(continues), CS=collection set, F=free, A=archive, TAMS=top-at-mark-start (previous, next)
|   0|0x0000000701800000, 0x0000000701900000, 0x0000000701900000|100%| O|  |TAMS 0x0000000701900000, 0x0000000701800000| Untracked 
|   1|0x0000000701900000, 0x0000000701a00000, 0x0000000701a00000|100%| O|  |TAMS 0x0000000701a00000, 0x0000000701900000| Untracked 
|   2|0x0000000701a00000, 0x0000000701b00000, 0x0000000701b00000|100%| O|  |TAMS 0x0000000701b00000, 0x0000000701a00000| Untracked 
|   3|0x0000000701b00000, 0x0000000701c00000, 0x0000000701c00000|100%| O|  |TAMS 0x0000000701c00000, 0x0000000701b00000| Untracked 
|   4|0x0000000701c00000, 0x0000000701d00000, 0x0000000701d00000|100%| O|  |TAMS 0x0000000701d00000, 0x0000000701c00000| Untracked 
|   5|0x0000000701d00000, 0x0000000701e00000, 0x0000000701e00000|100%|HS|  |TAMS 0x0000000701e00000, 0x0000000701d00000| Untracked 
|   6|0x0000000701e00000, 0x0000000701f00000, 0x0000000701f00000|100%| O|  |TAMS 0x0000000701f00000, 0x0000000701e00000| Untracked 
|   7|0x0000000701f00000, 0x0000000702000000, 0x0000000702000000|100%| O|  |TAMS 0x0000000702000000, 0x0000000701f00000| Untracked 
|   8|0x0000000702000000, 0x0000000702000000, 0x0000000702100000|  0%| F|  |TAMS 0x0000000702000000, 0x0000000702000000| Untracked 
|   9|0x0000000702100000, 0x0000000702100000, 0x0000000702200000|  0%| F|  |TAMS 0x0000000702100000, 0x0000000702100000| Untracked 
|  10|0x0000000702200000, 0x0000000702300000, 0x0000000702300000|100%| O|  |TAMS 0x0000000702300000, 0x0000000702200000| Untracked 
|  11|0x0000000702300000, 0x0000000702400000, 0x0000000702400000|100%| O|  |TAMS 0x0000000702400000, 0x0000000702300000| Untracked 
|  12|0x0000000702400000, 0x0000000702500000, 0x0000000702500000|100%| O|  |TAMS 0x0000000702500000, 0x0000000702400000| Untracked 
|  13|0x0000000702500000, 0x0000000702600000, 0x0000000702600000|100%| O|  |TAMS 0x0000000702600000, 0x0000000702500000| Untracked 
|  14|0x0000000702600000, 0x0000000702700000, 0x0000000702700000|100%| O|  |TAMS 0x0000000702700000, 0x0000000702600000| Untracked 
|  15|0x0000000702700000, 0x0000000702800000, 0x0000000702800000|100%| O|  |TAMS 0x0000000702800000, 0x0000000702700000| Untracked 
|  16|0x0000000702800000, 0x0000000702900000, 0x0000000702900000|100%| O|  |TAMS 0x0000000702900000, 0x0000000702800000| Untracked 
|  17|0x0000000702900000, 0x00000007029f7200, 0x0000000702a00000| 96%| O|  |TAMS 0x00000007029f7200, 0x0000000702900000| Untracked 
|  18|0x0000000702a00000, 0x0000000702a00000, 0x0000000702b00000|  0%| F|  |TAMS 0x0000000702a00000, 0x0000000702a00000| Untracked 
|  19|0x0000000702b00000, 0x0000000702b00000, 0x0000000702c00000|  0%| F|  |TAMS 0x0000000702b00000, 0x0000000702b00000| Untracked 
|  20|0x0000000702c00000, 0x0000000702c00000, 0x0000000702d00000|  0%| F|  |TAMS 0x0000000702c00000, 0x0000000702c00000| Untracked 
|  21|0x0000000702d00000, 0x0000000702d00000, 0x0000000702e00000|  0%| F|  |TAMS 0x0000000702d00000, 0x0000000702d00000| Untracked 
|  22|0x0000000702e00000, 0x0000000702e00000, 0x0000000702f00000|  0%| F|  |TAMS 0x0000000702e00000, 0x0000000702e00000| Untracked 
|  23|0x0000000702f00000, 0x0000000702f00000, 0x0000000703000000|  0%| F|  |TAMS 0x0000000702f00000, 0x0000000702f00000| Untracked 
|  24|0x0000000703000000, 0x0000000703000000, 0x0000000703100000|  0%| F|  |TAMS 0x0000000703000000, 0x0000000703000000| Untracked 
|  25|0x0000000703100000, 0x0000000703100000, 0x0000000703200000|  0%| F|  |TAMS 0x0000000703100000, 0x0000000703100000| Untracked 
|  26|0x0000000703200000, 0x0000000703200000, 0x0000000703300000|  0%| F|  |TAMS 0x0000000703200000, 0x0000000703200000| Untracked 
|  27|0x0000000703300000, 0x0000000703300000, 0x0000000703400000|  0%| F|  |TAMS 0x0000000703300000, 0x0000000703300000| Untracked 
|  28|0x0000000703400000, 0x0000000703400000, 0x0000000703500000|  0%| F|  |TAMS 0x0000000703400000, 0x0000000703400000| Untracked 
|  29|0x0000000703500000, 0x0000000703500000, 0x0000000703600000|  0%| F|  |TAMS 0x0000000703500000, 0x0000000703500000| Untracked 
|  30|0x0000000703600000, 0x0000000703600000, 0x0000000703700000|  0%| F|  |TAMS 0x0000000703600000, 0x0000000703600000| Untracked 
|  31|0x0000000703700000, 0x0000000703700000, 0x0000000703800000|  0%| F|  |TAMS 0x0000000703700000, 0x0000000703700000| Untracked 
|  32|0x0000000703800000, 0x0000000703800000, 0x0000000703900000|  0%| F|  |TAMS 0x0000000703800000, 0x0000000703800000| Untracked 
|  33|0x0000000703900000, 0x0000000703900000, 0x0000000703a00000|  0%| F|  |TAMS 0x0000000703900000, 0x0000000703900000| Untracked 
|  34|0x0000000703a00000, 0x0000000703a00000, 0x0000000703b00000|  0%| F|  |TAMS 0x0000000703a00000, 0x0000000703a00000| Untracked 
|  35|0x0000000703b00000, 0x0000000703b00000, 0x0000000703c00000|  0%| F|  |TAMS 0x0000000703b00000, 0x0000000703b00000| Untracked 
|  36|0x0000000703c00000, 0x0000000703c00000, 0x0000000703d00000|  0%| F|  |TAMS 0x0000000703c00000, 0x0000000703c00000| Untracked 
|  37|0x0000000703d00000, 0x0000000703d00000, 0x0000000703e00000|  0%| F|  |TAMS 0x0000000703d00000, 0x0000000703d00000| Untracked 
|  38|0x0000000703e00000, 0x0000000703e00000, 0x0000000703f00000|  0%| F|  |TAMS 0x0000000703e00000, 0x0000000703e00000| Untracked 
|  39|0x0000000703f00000, 0x0000000703f00000, 0x0000000704000000|  0%| F|  |TAMS 0x0000000703f00000, 0x0000000703f00000| Untracked 
|  40|0x0000000704000000, 0x0000000704000000, 0x0000000704100000|  0%| F|  |TAMS 0x0000000704000000, 0x0000000704000000| Untracked 
|  41|0x0000000704100000, 0x0000000704100000, 0x0000000704200000|  0%| F|  |TAMS 0x0000000704100000, 0x0000000704100000| Untracked 
|  42|0x0000000704200000, 0x0000000704200000, 0x0000000704300000|  0%| F|  |TAMS 0x0000000704200000, 0x0000000704200000| Untracked 
|  43|0x0000000704300000, 0x0000000704300000, 0x0000000704400000|  0%| F|  |TAMS 0x0000000704300000, 0x0000000704300000| Untracked 
|  44|0x0000000704400000, 0x0000000704400000, 0x0000000704500000|  0%| F|  |TAMS 0x0000000704400000, 0x0000000704400000| Untracked 
|  45|0x0000000704500000, 0x0000000704500000, 0x0000000704600000|  0%| F|  |TAMS 0x0000000704500000, 0x0000000704500000| Untracked 
|  46|0x0000000704600000, 0x0000000704600000, 0x0000000704700000|  0%| F|  |TAMS 0x0000000704600000, 0x0000000704600000| Untracked 
|  47|0x0000000704700000, 0x0000000704700000, 0x0000000704800000|  0%| F|  |TAMS 0x0000000704700000, 0x0000000704700000| Untracked 
|  48|0x0000000704800000, 0x0000000704800000, 0x0000000704900000|  0%| F|  |TAMS 0x0000000704800000, 0x0000000704800000| Untracked 
|  49|0x0000000704900000, 0x0000000704900000, 0x0000000704a00000|  0%| F|  |TAMS 0x0000000704900000, 0x0000000704900000| Untracked 
|  50|0x0000000704a00000, 0x0000000704a00000, 0x0000000704b00000|  0%| F|  |TAMS 0x0000000704a00000, 0x0000000704a00000| Untracked 
|  51|0x0000000704b00000, 0x0000000704b00000, 0x0000000704c00000|  0%| F|  |TAMS 0x0000000704b00000, 0x0000000704b00000| Untracked 
|  52|0x0000000704c00000, 0x0000000704c00000, 0x0000000704d00000|  0%| F|  |TAMS 0x0000000704c00000, 0x0000000704c00000| Untracked 
|  53|0x0000000704d00000, 0x0000000704d00000, 0x0000000704e00000|  0%| F|  |TAMS 0x0000000704d00000, 0x0000000704d00000| Untracked 
|  54|0x0000000704e00000, 0x0000000704e00000, 0x0000000704f00000|  0%| F|  |TAMS 0x0000000704e00000, 0x0000000704e00000| Untracked 
|  55|0x0000000704f00000, 0x0000000704f00000, 0x0000000705000000|  0%| F|  |TAMS 0x0000000704f00000, 0x0000000704f00000| Untracked 
|  56|0x0000000705000000, 0x0000000705000000, 0x0000000705100000|  0%| F|  |TAMS 0x0000000705000000, 0x0000000705000000| Untracked 
|  57|0x0000000705100000, 0x0000000705100000, 0x0000000705200000|  0%| F|  |TAMS 0x0000000705100000, 0x0000000705100000| Untracked 
|  58|0x0000000705200000, 0x0000000705200000, 0x0000000705300000|  0%| F|  |TAMS 0x0000000705200000, 0x0000000705200000| Untracked 
|  59|0x0000000705300000, 0x0000000705300000, 0x0000000705400000|  0%| F|  |TAMS 0x0000000705300000, 0x0000000705300000| Untracked 
|  60|0x0000000705400000, 0x0000000705400000, 0x0000000705500000|  0%| F|  |TAMS 0x0000000705400000, 0x0000000705400000| Untracked 
|  61|0x0000000705500000, 0x0000000705500000, 0x0000000705600000|  0%| F|  |TAMS 0x0000000705500000, 0x0000000705500000| Untracked 
|  62|0x0000000705600000, 0x0000000705600000, 0x0000000705700000|  0%| F|  |TAMS 0x0000000705600000, 0x0000000705600000| Untracked 
|  63|0x0000000705700000, 0x0000000705700000, 0x0000000705800000|  0%| F|  |TAMS 0x0000000705700000, 0x0000000705700000| Untracked 
|  64|0x0000000705800000, 0x0000000705800000, 0x0000000705900000|  0%| F|  |TAMS 0x0000000705800000, 0x0000000705800000| Untracked 
|  65|0x0000000705900000, 0x0000000705900000, 0x0000000705a00000|  0%| F|  |TAMS 0x0000000705900000, 0x0000000705900000| Untracked 
|  66|0x0000000705a00000, 0x0000000705a00000, 0x0000000705b00000|  0%| F|  |TAMS 0x0000000705a00000, 0x0000000705a00000| Untracked 
|  67|0x0000000705b00000, 0x0000000705b00000, 0x0000000705c00000|  0%| F|  |TAMS 0x0000000705b00000, 0x0000000705b00000| Untracked 
|  68|0x0000000705c00000, 0x0000000705c00000, 0x0000000705d00000|  0%| F|  |TAMS 0x0000000705c00000, 0x0000000705c00000| Untracked 
|  69|0x0000000705d00000, 0x0000000705d00000, 0x0000000705e00000|  0%| F|  |TAMS 0x0000000705d00000, 0x0000000705d00000| Untracked 
|  70|0x0000000705e00000, 0x0000000705e00000, 0x0000000705f00000|  0%| F|  |TAMS 0x0000000705e00000, 0x0000000705e00000| Untracked 
|  71|0x0000000705f00000, 0x0000000705f00000, 0x0000000706000000|  0%| F|  |TAMS 0x0000000705f00000, 0x0000000705f00000| Untracked 
|  72|0x0000000706000000, 0x0000000706000000, 0x0000000706100000|  0%| F|  |TAMS 0x0000000706000000, 0x0000000706000000| Untracked 
|  73|0x0000000706100000, 0x0000000706100000, 0x0000000706200000|  0%| F|  |TAMS 0x0000000706100000, 0x0000000706100000| Untracked 
|  74|0x0000000706200000, 0x0000000706200000, 0x0000000706300000|  0%| F|  |TAMS 0x0000000706200000, 0x0000000706200000| Untracked 
|  75|0x0000000706300000, 0x0000000706300000, 0x0000000706400000|  0%| F|  |TAMS 0x0000000706300000, 0x0000000706300000| Untracked 
|  76|0x0000000706400000, 0x0000000706400000, 0x0000000706500000|  0%| F|  |TAMS 0x0000000706400000, 0x0000000706400000| Untracked 
|  77|0x0000000706500000, 0x0000000706500000, 0x0000000706600000|  0%| F|  |TAMS 0x0000000706500000, 0x0000000706500000| Untracked 
|  78|0x0000000706600000, 0x0000000706600000, 0x0000000706700000|  0%| F|  |TAMS 0x0000000706600000, 0x0000000706600000| Untracked 
|  79|0x0000000706700000, 0x0000000706700000, 0x0000000706800000|  0%| F|  |TAMS 0x0000000706700000, 0x0000000706700000| Untracked 
|  80|0x0000000706800000, 0x0000000706800000, 0x0000000706900000|  0%| F|  |TAMS 0x0000000706800000, 0x0000000706800000| Untracked 
|  81|0x0000000706900000, 0x0000000706900000, 0x0000000706a00000|  0%| F|  |TAMS 0x0000000706900000, 0x0000000706900000| Untracked 
|  82|0x0000000706a00000, 0x0000000706a00000, 0x0000000706b00000|  0%| F|  |TAMS 0x0000000706a00000, 0x0000000706a00000| Untracked 
|  83|0x0000000706b00000, 0x0000000706b00000, 0x0000000706c00000|  0%| F|  |TAMS 0x0000000706b00000, 0x0000000706b00000| Untracked 
|  84|0x0000000706c00000, 0x0000000706c00000, 0x0000000706d00000|  0%| F|  |TAMS 0x0000000706c00000, 0x0000000706c00000| Untracked 
|  85|0x0000000706d00000, 0x0000000706d00000, 0x0000000706e00000|  0%| F|  |TAMS 0x0000000706d00000, 0x0000000706d00000| Untracked 
|  86|0x0000000706e00000, 0x0000000706e00000, 0x0000000706f00000|  0%| F|  |TAMS 0x0000000706e00000, 0x0000000706e00000| Untracked 
|  87|0x0000000706f00000, 0x0000000706f00000, 0x0000000707000000|  0%| F|  |TAMS 0x0000000706f00000, 0x0000000706f00000| Untracked 
|  88|0x0000000707000000, 0x0000000707000000, 0x0000000707100000|  0%| F|  |TAMS 0x0000000707000000, 0x0000000707000000| Untracked 
|  89|0x0000000707100000, 0x0000000707100000, 0x0000000707200000|  0%| F|  |TAMS 0x0000000707100000, 0x0000000707100000| Untracked 
|  90|0x0000000707200000, 0x0000000707200000, 0x0000000707300000|  0%| F|  |TAMS 0x0000000707200000, 0x0000000707200000| Untracked 
|  91|0x0000000707300000, 0x0000000707300000, 0x0000000707400000|  0%| F|  |TAMS 0x0000000707300000, 0x0000000707300000| Untracked 
|  92|0x0000000707400000, 0x0000000707400000, 0x0000000707500000|  0%| F|  |TAMS 0x0000000707400000, 0x0000000707400000| Untracked 
|  93|0x0000000707500000, 0x0000000707500000, 0x0000000707600000|  0%| F|  |TAMS 0x0000000707500000, 0x0000000707500000| Untracked 
|  94|0x0000000707600000, 0x0000000707600000, 0x0000000707700000|  0%| F|  |TAMS 0x0000000707600000, 0x0000000707600000| Untracked 
|  95|0x0000000707700000, 0x0000000707700000, 0x0000000707800000|  0%| F|  |TAMS 0x0000000707700000, 0x0000000707700000| Untracked 
|  96|0x0000000707800000, 0x0000000707800000, 0x0000000707900000|  0%| F|  |TAMS 0x0000000707800000, 0x0000000707800000| Untracked 
|  97|0x0000000707900000, 0x0000000707900000, 0x0000000707a00000|  0%| F|  |TAMS 0x0000000707900000, 0x0000000707900000| Untracked 
|  98|0x0000000707a00000, 0x0000000707a00000, 0x0000000707b00000|  0%| F|  |TAMS 0x0000000707a00000, 0x0000000707a00000| Untracked 
|  99|0x0000000707b00000, 0x0000000707b00000, 0x0000000707c00000|  0%| F|  |TAMS 0x0000000707b00000, 0x0000000707b00000| Untracked 
| 100|0x0000000707c00000, 0x0000000707c00000, 0x0000000707d00000|  0%| F|  |TAMS 0x0000000707c00000, 0x0000000707c00000| Untracked 
| 101|0x0000000707d00000, 0x0000000707d00000, 0x0000000707e00000|  0%| F|  |TAMS 0x0000000707d00000, 0x0000000707d00000| Untracked 
| 102|0x0000000707e00000, 0x0000000707e00000, 0x0000000707f00000|  0%| F|  |TAMS 0x0000000707e00000, 0x0000000707e00000| Untracked 
| 103|0x0000000707f00000, 0x0000000707f00000, 0x0000000708000000|  0%| F|  |TAMS 0x0000000707f00000, 0x0000000707f00000| Untracked 
| 104|0x0000000708000000, 0x0000000708000000, 0x0000000708100000|  0%| F|  |TAMS 0x0000000708000000, 0x0000000708000000| Untracked 
| 105|0x0000000708100000, 0x0000000708100000, 0x0000000708200000|  0%| F|  |TAMS 0x0000000708100000, 0x0000000708100000| Untracked 
| 106|0x0000000708200000, 0x0000000708200000, 0x0000000708300000|  0%| F|  |TAMS 0x0000000708200000, 0x0000000708200000| Untracked 
| 107|0x0000000708300000, 0x0000000708300000, 0x0000000708400000|  0%| F|  |TAMS 0x0000000708300000, 0x0000000708300000| Untracked 
| 108|0x0000000708400000, 0x0000000708400000, 0x0000000708500000|  0%| F|  |TAMS 0x0000000708400000, 0x0000000708400000| Untracked 
| 109|0x0000000708500000, 0x0000000708500000, 0x0000000708600000|  0%| F|  |TAMS 0x0000000708500000, 0x0000000708500000| Untracked 
| 110|0x0000000708600000, 0x0000000708600000, 0x0000000708700000|  0%| F|  |TAMS 0x0000000708600000, 0x0000000708600000| Untracked 
| 111|0x0000000708700000, 0x0000000708700000, 0x0000000708800000|  0%| F|  |TAMS 0x0000000708700000, 0x0000000708700000| Untracked 
| 112|0x0000000708800000, 0x0000000708800000, 0x0000000708900000|  0%| F|  |TAMS 0x0000000708800000, 0x0000000708800000| Untracked 
| 113|0x0000000708900000, 0x0000000708900000, 0x0000000708a00000|  0%| F|  |TAMS 0x0000000708900000, 0x0000000708900000| Untracked 
| 114|0x0000000708a00000, 0x0000000708a00000, 0x0000000708b00000|  0%| F|  |TAMS 0x0000000708a00000, 0x0000000708a00000| Untracked 
| 115|0x0000000708b00000, 0x0000000708b00000, 0x0000000708c00000|  0%| F|  |TAMS 0x0000000708b00000, 0x0000000708b00000| Untracked 
| 116|0x0000000708c00000, 0x0000000708c00000, 0x0000000708d00000|  0%| F|  |TAMS 0x0000000708c00000, 0x0000000708c00000| Untracked 
| 117|0x0000000708d00000, 0x0000000708d00000, 0x0000000708e00000|  0%| F|  |TAMS 0x0000000708d00000, 0x0000000708d00000| Untracked 
| 118|0x0000000708e00000, 0x0000000708e00000, 0x0000000708f00000|  0%| F|  |TAMS 0x0000000708e00000, 0x0000000708e00000| Untracked 
| 119|0x0000000708f00000, 0x0000000708f00000, 0x0000000709000000|  0%| F|  |TAMS 0x0000000708f00000, 0x0000000708f00000| Untracked 
| 120|0x0000000709000000, 0x0000000709000000, 0x0000000709100000|  0%| F|  |TAMS 0x0000000709000000, 0x0000000709000000| Untracked 
| 121|0x0000000709100000, 0x0000000709100000, 0x0000000709200000|  0%| F|  |TAMS 0x0000000709100000, 0x0000000709100000| Untracked 
| 122|0x0000000709200000, 0x0000000709200000, 0x0000000709300000|  0%| F|  |TAMS 0x0000000709200000, 0x0000000709200000| Untracked 
| 123|0x0000000709300000, 0x0000000709300000, 0x0000000709400000|  0%| F|  |TAMS 0x0000000709300000, 0x0000000709300000| Untracked 
| 124|0x0000000709400000, 0x0000000709400000, 0x0000000709500000|  0%| F|  |TAMS 0x0000000709400000, 0x0000000709400000| Untracked 
| 125|0x0000000709500000, 0x0000000709500000, 0x0000000709600000|  0%| F|  |TAMS 0x0000000709500000, 0x0000000709500000| Untracked 
| 126|0x0000000709600000, 0x0000000709600000, 0x0000000709700000|  0%| F|  |TAMS 0x0000000709600000, 0x0000000709600000| Untracked 
| 127|0x0000000709700000, 0x0000000709700000, 0x0000000709800000|  0%| F|  |TAMS 0x0000000709700000, 0x0000000709700000| Untracked 
| 128|0x0000000709800000, 0x0000000709800000, 0x0000000709900000|  0%| F|  |TAMS 0x0000000709800000, 0x0000000709800000| Untracked 
| 129|0x0000000709900000, 0x0000000709900000, 0x0000000709a00000|  0%| F|  |TAMS 0x0000000709900000, 0x0000000709900000| Untracked 
| 130|0x0000000709a00000, 0x0000000709a00000, 0x0000000709b00000|  0%| F|  |TAMS 0x0000000709a00000, 0x0000000709a00000| Untracked 
| 131|0x0000000709b00000, 0x0000000709b00000, 0x0000000709c00000|  0%| F|  |TAMS 0x0000000709b00000, 0x0000000709b00000| Untracked 
| 132|0x0000000709c00000, 0x0000000709c00000, 0x0000000709d00000|  0%| F|  |TAMS 0x0000000709c00000, 0x0000000709c00000| Untracked 
| 133|0x0000000709d00000, 0x0000000709d00000, 0x0000000709e00000|  0%| F|  |TAMS 0x0000000709d00000, 0x0000000709d00000| Untracked 
| 134|0x0000000709e00000, 0x0000000709e00000, 0x0000000709f00000|  0%| F|  |TAMS 0x0000000709e00000, 0x0000000709e00000| Untracked 
| 135|0x0000000709f00000, 0x0000000709f00000, 0x000000070a000000|  0%| F|  |TAMS 0x0000000709f00000, 0x0000000709f00000| Untracked 
| 136|0x000000070a000000, 0x000000070a000000, 0x000000070a100000|  0%| F|  |TAMS 0x000000070a000000, 0x000000070a000000| Untracked 
| 137|0x000000070a100000, 0x000000070a100000, 0x000000070a200000|  0%| F|  |TAMS 0x000000070a100000, 0x000000070a100000| Untracked 
| 138|0x000000070a200000, 0x000000070a200000, 0x000000070a300000|  0%| F|  |TAMS 0x000000070a200000, 0x000000070a200000| Untracked 
| 139|0x000000070a300000, 0x000000070a300000, 0x000000070a400000|  0%| F|  |TAMS 0x000000070a300000, 0x000000070a300000| Untracked 
| 140|0x000000070a400000, 0x000000070a400000, 0x000000070a500000|  0%| F|  |TAMS 0x000000070a400000, 0x000000070a400000| Untracked 
| 141|0x000000070a500000, 0x000000070a500000, 0x000000070a600000|  0%| F|  |TAMS 0x000000070a500000, 0x000000070a500000| Untracked 
| 142|0x000000070a600000, 0x000000070a600000, 0x000000070a700000|  0%| F|  |TAMS 0x000000070a600000, 0x000000070a600000| Untracked 
| 143|0x000000070a700000, 0x000000070a700000, 0x000000070a800000|  0%| F|  |TAMS 0x000000070a700000, 0x000000070a700000| Untracked 
| 144|0x000000070a800000, 0x000000070a800000, 0x000000070a900000|  0%| F|  |TAMS 0x000000070a800000, 0x000000070a800000| Untracked 
| 145|0x000000070a900000, 0x000000070a900000, 0x000000070aa00000|  0%| F|  |TAMS 0x000000070a900000, 0x000000070a900000| Untracked 
| 146|0x000000070aa00000, 0x000000070aa00000, 0x000000070ab00000|  0%| F|  |TAMS 0x000000070aa00000, 0x000000070aa00000| Untracked 
| 147|0x000000070ab00000, 0x000000070ab00000, 0x000000070ac00000|  0%| F|  |TAMS 0x000000070ab00000, 0x000000070ab00000| Untracked 
| 148|0x000000070ac00000, 0x000000070ac00000, 0x000000070ad00000|  0%| F|  |TAMS 0x000000070ac00000, 0x000000070ac00000| Untracked 
| 149|0x000000070ad00000, 0x000000070ad00000, 0x000000070ae00000|  0%| F|  |TAMS 0x000000070ad00000, 0x000000070ad00000| Untracked 
| 150|0x000000070ae00000, 0x000000070ae00000, 0x000000070af00000|  0%| F|  |TAMS 0x000000070ae00000, 0x000000070ae00000| Untracked 
| 151|0x000000070af00000, 0x000000070af00000, 0x000000070b000000|  0%| F|  |TAMS 0x000000070af00000, 0x000000070af00000| Untracked 
| 152|0x000000070b000000, 0x000000070b000000, 0x000000070b100000|  0%| F|  |TAMS 0x000000070b000000, 0x000000070b000000| Untracked 
| 153|0x000000070b100000, 0x000000070b100000, 0x000000070b200000|  0%| F|  |TAMS 0x000000070b100000, 0x000000070b100000| Untracked 
| 154|0x000000070b200000, 0x000000070b200000, 0x000000070b300000|  0%| F|  |TAMS 0x000000070b200000, 0x000000070b200000| Untracked 
| 155|0x000000070b300000, 0x000000070b300000, 0x000000070b400000|  0%| F|  |TAMS 0x000000070b300000, 0x000000070b300000| Untracked 
| 156|0x000000070b400000, 0x000000070b400000, 0x000000070b500000|  0%| F|  |TAMS 0x000000070b400000, 0x000000070b400000| Untracked 
| 157|0x000000070b500000, 0x000000070b500000, 0x000000070b600000|  0%| F|  |TAMS 0x000000070b500000, 0x000000070b500000| Untracked 
| 158|0x000000070b600000, 0x000000070b600000, 0x000000070b700000|  0%| F|  |TAMS 0x000000070b600000, 0x000000070b600000| Untracked 
| 159|0x000000070b700000, 0x000000070b700000, 0x000000070b800000|  0%| F|  |TAMS 0x000000070b700000, 0x000000070b700000| Untracked 
| 160|0x000000070b800000, 0x000000070b800000, 0x000000070b900000|  0%| F|  |TAMS 0x000000070b800000, 0x000000070b800000| Untracked 
| 161|0x000000070b900000, 0x000000070b900000, 0x000000070ba00000|  0%| F|  |TAMS 0x000000070b900000, 0x000000070b900000| Untracked 
| 162|0x000000070ba00000, 0x000000070ba00000, 0x000000070bb00000|  0%| F|  |TAMS 0x000000070ba00000, 0x000000070ba00000| Untracked 
| 163|0x000000070bb00000, 0x000000070bb00000, 0x000000070bc00000|  0%| F|  |TAMS 0x000000070bb00000, 0x000000070bb00000| Untracked 
| 164|0x000000070bc00000, 0x000000070bc00000, 0x000000070bd00000|  0%| F|  |TAMS 0x000000070bc00000, 0x000000070bc00000| Untracked 
| 165|0x000000070bd00000, 0x000000070bd00000, 0x000000070be00000|  0%| F|  |TAMS 0x000000070bd00000, 0x000000070bd00000| Untracked 
| 166|0x000000070be00000, 0x000000070be00000, 0x000000070bf00000|  0%| F|  |TAMS 0x000000070be00000, 0x000000070be00000| Untracked 
| 167|0x000000070bf00000, 0x000000070bf00000, 0x000000070c000000|  0%| F|  |TAMS 0x000000070bf00000, 0x000000070bf00000| Untracked 
| 168|0x000000070c000000, 0x000000070c000000, 0x000000070c100000|  0%| F|  |TAMS 0x000000070c000000, 0x000000070c000000| Untracked 
| 169|0x000000070c100000, 0x000000070c100000, 0x000000070c200000|  0%| F|  |TAMS 0x000000070c100000, 0x000000070c100000| Untracked 
| 170|0x000000070c200000, 0x000000070c200000, 0x000000070c300000|  0%| F|  |TAMS 0x000000070c200000, 0x000000070c200000| Untracked 
| 171|0x000000070c300000, 0x000000070c300000, 0x000000070c400000|  0%| F|  |TAMS 0x000000070c300000, 0x000000070c300000| Untracked 
| 172|0x000000070c400000, 0x000000070c400000, 0x000000070c500000|  0%| F|  |TAMS 0x000000070c400000, 0x000000070c400000| Untracked 
| 173|0x000000070c500000, 0x000000070c500000, 0x000000070c600000|  0%| F|  |TAMS 0x000000070c500000, 0x000000070c500000| Untracked 
| 174|0x000000070c600000, 0x000000070c600000, 0x000000070c700000|  0%| F|  |TAMS 0x000000070c600000, 0x000000070c600000| Untracked 
| 175|0x000000070c700000, 0x000000070c700000, 0x000000070c800000|  0%| F|  |TAMS 0x000000070c700000, 0x000000070c700000| Untracked 
| 176|0x000000070c800000, 0x000000070c800000, 0x000000070c900000|  0%| F|  |TAMS 0x000000070c800000, 0x000000070c800000| Untracked 
| 177|0x000000070c900000, 0x000000070c900000, 0x000000070ca00000|  0%| F|  |TAMS 0x000000070c900000, 0x000000070c900000| Untracked 
| 178|0x000000070ca00000, 0x000000070ca00000, 0x000000070cb00000|  0%| F|  |TAMS 0x000000070ca00000, 0x000000070ca00000| Untracked 
| 179|0x000000070cb00000, 0x000000070cb00000, 0x000000070cc00000|  0%| F|  |TAMS 0x000000070cb00000, 0x000000070cb00000| Untracked 
| 180|0x000000070cc00000, 0x000000070cc00000, 0x000000070cd00000|  0%| F|  |TAMS 0x000000070cc00000, 0x000000070cc00000| Untracked 
| 181|0x000000070cd00000, 0x000000070cd00000, 0x000000070ce00000|  0%| F|  |TAMS 0x000000070cd00000, 0x000000070cd00000| Untracked 
| 182|0x000000070ce00000, 0x000000070ce00000, 0x000000070cf00000|  0%| F|  |TAMS 0x000000070ce00000, 0x000000070ce00000| Untracked 
| 183|0x000000070cf00000, 0x000000070cf00000, 0x000000070d000000|  0%| F|  |TAMS 0x000000070cf00000, 0x000000070cf00000| Untracked 
| 184|0x000000070d000000, 0x000000070d000000, 0x000000070d100000|  0%| F|  |TAMS 0x000000070d000000, 0x000000070d000000| Untracked 
| 185|0x000000070d100000, 0x000000070d100000, 0x000000070d200000|  0%| F|  |TAMS 0x000000070d100000, 0x000000070d100000| Untracked 
| 186|0x000000070d200000, 0x000000070d200000, 0x000000070d300000|  0%| F|  |TAMS 0x000000070d200000, 0x000000070d200000| Untracked 
| 187|0x000000070d300000, 0x000000070d300000, 0x000000070d400000|  0%| F|  |TAMS 0x000000070d300000, 0x000000070d300000| Untracked 
| 188|0x000000070d400000, 0x000000070d400000, 0x000000070d500000|  0%| F|  |TAMS 0x000000070d400000, 0x000000070d400000| Untracked 
| 189|0x000000070d500000, 0x000000070d500000, 0x000000070d600000|  0%| F|  |TAMS 0x000000070d500000, 0x000000070d500000| Untracked 
| 190|0x000000070d600000, 0x000000070d600000, 0x000000070d700000|  0%| F|  |TAMS 0x000000070d600000, 0x000000070d600000| Untracked 
| 191|0x000000070d700000, 0x000000070d700000, 0x000000070d800000|  0%| F|  |TAMS 0x000000070d700000, 0x000000070d700000| Untracked 
| 192|0x000000070d800000, 0x000000070d800000, 0x000000070d900000|  0%| F|  |TAMS 0x000000070d800000, 0x000000070d800000| Untracked 
| 193|0x000000070d900000, 0x000000070d900000, 0x000000070da00000|  0%| F|  |TAMS 0x000000070d900000, 0x000000070d900000| Untracked 
| 194|0x000000070da00000, 0x000000070da00000, 0x000000070db00000|  0%| F|  |TAMS 0x000000070da00000, 0x000000070da00000| Untracked 
| 195|0x000000070db00000, 0x000000070db00000, 0x000000070dc00000|  0%| F|  |TAMS 0x000000070db00000, 0x000000070db00000| Untracked 
| 196|0x000000070dc00000, 0x000000070dc00000, 0x000000070dd00000|  0%| F|  |TAMS 0x000000070dc00000, 0x000000070dc00000| Untracked 
| 197|0x000000070dd00000, 0x000000070dd00000, 0x000000070de00000|  0%| F|  |TAMS 0x000000070dd00000, 0x000000070dd00000| Untracked 
| 198|0x000000070de00000, 0x000000070de00000, 0x000000070df00000|  0%| F|  |TAMS 0x000000070de00000, 0x000000070de00000| Untracked 
| 199|0x000000070df00000, 0x000000070df00000, 0x000000070e000000|  0%| F|  |TAMS 0x000000070df00000, 0x000000070df00000| Untracked 
| 200|0x000000070e000000, 0x000000070e000000, 0x000000070e100000|  0%| F|  |TAMS 0x000000070e000000, 0x000000070e000000| Untracked 
| 201|0x000000070e100000, 0x000000070e100000, 0x000000070e200000|  0%| F|  |TAMS 0x000000070e100000, 0x000000070e100000| Untracked 
| 202|0x000000070e200000, 0x000000070e200000, 0x000000070e300000|  0%| F|  |TAMS 0x000000070e200000, 0x000000070e200000| Untracked 
| 203|0x000000070e300000, 0x000000070e300000, 0x000000070e400000|  0%| F|  |TAMS 0x000000070e300000, 0x000000070e300000| Untracked 
| 204|0x000000070e400000, 0x000000070e400000, 0x000000070e500000|  0%| F|  |TAMS 0x000000070e400000, 0x000000070e400000| Untracked 
| 205|0x000000070e500000, 0x000000070e500000, 0x000000070e600000|  0%| F|  |TAMS 0x000000070e500000, 0x000000070e500000| Untracked 
| 206|0x000000070e600000, 0x000000070e600000, 0x000000070e700000|  0%| F|  |TAMS 0x000000070e600000, 0x000000070e600000| Untracked 
| 207|0x000000070e700000, 0x000000070e700000, 0x000000070e800000|  0%| F|  |TAMS 0x000000070e700000, 0x000000070e700000| Untracked 
| 208|0x000000070e800000, 0x000000070e800000, 0x000000070e900000|  0%| F|  |TAMS 0x000000070e800000, 0x000000070e800000| Untracked 
| 209|0x000000070e900000, 0x000000070e900000, 0x000000070ea00000|  0%| F|  |TAMS 0x000000070e900000, 0x000000070e900000| Untracked 
| 210|0x000000070ea00000, 0x000000070ea00000, 0x000000070eb00000|  0%| F|  |TAMS 0x000000070ea00000, 0x000000070ea00000| Untracked 
| 211|0x000000070eb00000, 0x000000070eb00000, 0x000000070ec00000|  0%| F|  |TAMS 0x000000070eb00000, 0x000000070eb00000| Untracked 
| 212|0x000000070ec00000, 0x000000070ec00000, 0x000000070ed00000|  0%| F|  |TAMS 0x000000070ec00000, 0x000000070ec00000| Untracked 
| 213|0x000000070ed00000, 0x000000070ed00000, 0x000000070ee00000|  0%| F|  |TAMS 0x000000070ed00000, 0x000000070ed00000| Untracked 
| 214|0x000000070ee00000, 0x000000070ee00000, 0x000000070ef00000|  0%| F|  |TAMS 0x000000070ee00000, 0x000000070ee00000| Untracked 
| 215|0x000000070ef00000, 0x000000070ef00000, 0x000000070f000000|  0%| F|  |TAMS 0x000000070ef00000, 0x000000070ef00000| Untracked 
| 216|0x000000070f000000, 0x000000070f000000, 0x000000070f100000|  0%| F|  |TAMS 0x000000070f000000, 0x000000070f000000| Untracked 
| 217|0x000000070f100000, 0x000000070f100000, 0x000000070f200000|  0%| F|  |TAMS 0x000000070f100000, 0x000000070f100000| Untracked 
| 218|0x000000070f200000, 0x000000070f200000, 0x000000070f300000|  0%| F|  |TAMS 0x000000070f200000, 0x000000070f200000| Untracked 
| 219|0x000000070f300000, 0x000000070f300000, 0x000000070f400000|  0%| F|  |TAMS 0x000000070f300000, 0x000000070f300000| Untracked 
| 220|0x000000070f400000, 0x000000070f400000, 0x000000070f500000|  0%| F|  |TAMS 0x000000070f400000, 0x000000070f400000| Untracked 
| 221|0x000000070f500000, 0x000000070f500000, 0x000000070f600000|  0%| F|  |TAMS 0x000000070f500000, 0x000000070f500000| Untracked 
| 222|0x000000070f600000, 0x000000070f600000, 0x000000070f700000|  0%| F|  |TAMS 0x000000070f600000, 0x000000070f600000| Untracked 
| 223|0x000000070f700000, 0x000000070f700000, 0x000000070f800000|  0%| F|  |TAMS 0x000000070f700000, 0x000000070f700000| Untracked 
| 224|0x000000070f800000, 0x000000070f800000, 0x000000070f900000|  0%| F|  |TAMS 0x000000070f800000, 0x000000070f800000| Untracked 
| 225|0x000000070f900000, 0x000000070f900000, 0x000000070fa00000|  0%| F|  |TAMS 0x000000070f900000, 0x000000070f900000| Untracked 
| 226|0x000000070fa00000, 0x000000070fa00000, 0x000000070fb00000|  0%| F|  |TAMS 0x000000070fa00000, 0x000000070fa00000| Untracked 
| 227|0x000000070fb00000, 0x000000070fb00000, 0x000000070fc00000|  0%| F|  |TAMS 0x000000070fb00000, 0x000000070fb00000| Untracked 
| 228|0x000000070fc00000, 0x000000070fc00000, 0x000000070fd00000|  0%| F|  |TAMS 0x000000070fc00000, 0x000000070fc00000| Untracked 
| 229|0x000000070fd00000, 0x000000070fd00000, 0x000000070fe00000|  0%| F|  |TAMS 0x000000070fd00000, 0x000000070fd00000| Untracked 
| 230|0x000000070fe00000, 0x000000070fe00000, 0x000000070ff00000|  0%| F|  |TAMS 0x000000070fe00000, 0x000000070fe00000| Untracked 
| 231|0x000000070ff00000, 0x000000070ff00000, 0x0000000710000000|  0%| F|  |TAMS 0x000000070ff00000, 0x000000070ff00000| Untracked 
| 232|0x0000000710000000, 0x0000000710000000, 0x0000000710100000|  0%| F|  |TAMS 0x0000000710000000, 0x0000000710000000| Untracked 
| 233|0x0000000710100000, 0x0000000710100000, 0x0000000710200000|  0%| F|  |TAMS 0x0000000710100000, 0x0000000710100000| Untracked 
| 234|0x0000000710200000, 0x0000000710200000, 0x0000000710300000|  0%| F|  |TAMS 0x0000000710200000, 0x0000000710200000| Untracked 
| 235|0x0000000710300000, 0x0000000710300000, 0x0000000710400000|  0%| F|  |TAMS 0x0000000710300000, 0x0000000710300000| Untracked 
| 236|0x0000000710400000, 0x0000000710400000, 0x0000000710500000|  0%| F|  |TAMS 0x0000000710400000, 0x0000000710400000| Untracked 
| 237|0x0000000710500000, 0x0000000710500000, 0x0000000710600000|  0%| F|  |TAMS 0x0000000710500000, 0x0000000710500000| Untracked 
| 238|0x0000000710600000, 0x0000000710637f98, 0x0000000710700000| 21%| S|CS|TAMS 0x0000000710600000, 0x0000000710600000| Complete 
| 239|0x0000000710700000, 0x0000000710800000, 0x0000000710800000|100%| S|CS|TAMS 0x0000000710700000, 0x0000000710700000| Complete 
| 240|0x0000000710800000, 0x0000000710900000, 0x0000000710900000|100%| S|CS|TAMS 0x0000000710800000, 0x0000000710800000| Complete 
| 241|0x0000000710900000, 0x0000000710a00000, 0x0000000710a00000|100%| S|CS|TAMS 0x0000000710900000, 0x0000000710900000| Complete 
| 242|0x0000000710a00000, 0x0000000710b00000, 0x0000000710b00000|100%| S|CS|TAMS 0x0000000710a00000, 0x0000000710a00000| Complete 
| 243|0x0000000710b00000, 0x0000000710b00000, 0x0000000710c00000|  0%| F|  |TAMS 0x0000000710b00000, 0x0000000710b00000| Untracked 
| 244|0x0000000710c00000, 0x0000000710c00000, 0x0000000710d00000|  0%| F|  |TAMS 0x0000000710c00000, 0x0000000710c00000| Untracked 
| 245|0x0000000710d00000, 0x0000000710d00000, 0x0000000710e00000|  0%| F|  |TAMS 0x0000000710d00000, 0x0000000710d00000| Untracked 
| 246|0x0000000710e00000, 0x0000000710e00000, 0x0000000710f00000|  0%| F|  |TAMS 0x0000000710e00000, 0x0000000710e00000| Untracked 
| 247|0x0000000710f00000, 0x0000000710f00000, 0x0000000711000000|  0%| F|  |TAMS 0x0000000710f00000, 0x0000000710f00000| Untracked 
| 248|0x0000000711000000, 0x0000000711000000, 0x0000000711100000|  0%| F|  |TAMS 0x0000000711000000, 0x0000000711000000| Untracked 
| 249|0x0000000711100000, 0x0000000711100000, 0x0000000711200000|  0%| F|  |TAMS 0x0000000711100000, 0x0000000711100000| Untracked 
| 250|0x0000000711200000, 0x0000000711200000, 0x0000000711300000|  0%| F|  |TAMS 0x0000000711200000, 0x0000000711200000| Untracked 
| 251|0x0000000711300000, 0x0000000711300000, 0x0000000711400000|  0%| F|  |TAMS 0x0000000711300000, 0x0000000711300000| Untracked 
| 252|0x0000000711400000, 0x0000000711400000, 0x0000000711500000|  0%| F|  |TAMS 0x0000000711400000, 0x0000000711400000| Untracked 
| 253|0x0000000711500000, 0x0000000711500000, 0x0000000711600000|  0%| F|  |TAMS 0x0000000711500000, 0x0000000711500000| Untracked 
| 254|0x0000000711600000, 0x0000000711600000, 0x0000000711700000|  0%| F|  |TAMS 0x0000000711600000, 0x0000000711600000| Untracked 
| 255|0x0000000711700000, 0x0000000711700000, 0x0000000711800000|  0%| F|  |TAMS 0x0000000711700000, 0x0000000711700000| Untracked 
| 256|0x0000000711800000, 0x0000000711800000, 0x0000000711900000|  0%| F|  |TAMS 0x0000000711800000, 0x0000000711800000| Untracked 
| 257|0x0000000711900000, 0x0000000711900000, 0x0000000711a00000|  0%| F|  |TAMS 0x0000000711900000, 0x0000000711900000| Untracked 
| 258|0x0000000711a00000, 0x0000000711a00000, 0x0000000711b00000|  0%| F|  |TAMS 0x0000000711a00000, 0x0000000711a00000| Untracked 
| 259|0x0000000711b00000, 0x0000000711b00000, 0x0000000711c00000|  0%| F|  |TAMS 0x0000000711b00000, 0x0000000711b00000| Untracked 
| 260|0x0000000711c00000, 0x0000000711c00000, 0x0000000711d00000|  0%| F|  |TAMS 0x0000000711c00000, 0x0000000711c00000| Untracked 
| 261|0x0000000711d00000, 0x0000000711d00000, 0x0000000711e00000|  0%| F|  |TAMS 0x0000000711d00000, 0x0000000711d00000| Untracked 
| 262|0x0000000711e00000, 0x0000000711e00000, 0x0000000711f00000|  0%| F|  |TAMS 0x0000000711e00000, 0x0000000711e00000| Untracked 
| 263|0x0000000711f00000, 0x0000000711f00000, 0x0000000712000000|  0%| F|  |TAMS 0x0000000711f00000, 0x0000000711f00000| Untracked 
| 264|0x0000000712000000, 0x0000000712000000, 0x0000000712100000|  0%| F|  |TAMS 0x0000000712000000, 0x0000000712000000| Untracked 
| 265|0x0000000712100000, 0x0000000712100000, 0x0000000712200000|  0%| F|  |TAMS 0x0000000712100000, 0x0000000712100000| Untracked 
| 266|0x0000000712200000, 0x0000000712200000, 0x0000000712300000|  0%| F|  |TAMS 0x0000000712200000, 0x0000000712200000| Untracked 
| 267|0x0000000712300000, 0x0000000712300000, 0x0000000712400000|  0%| F|  |TAMS 0x0000000712300000, 0x0000000712300000| Untracked 
| 268|0x0000000712400000, 0x0000000712400000, 0x0000000712500000|  0%| F|  |TAMS 0x0000000712400000, 0x0000000712400000| Untracked 
| 269|0x0000000712500000, 0x0000000712500000, 0x0000000712600000|  0%| F|  |TAMS 0x0000000712500000, 0x0000000712500000| Untracked 
| 270|0x0000000712600000, 0x0000000712600000, 0x0000000712700000|  0%| F|  |TAMS 0x0000000712600000, 0x0000000712600000| Untracked 
| 271|0x0000000712700000, 0x0000000712700000, 0x0000000712800000|  0%| F|  |TAMS 0x0000000712700000, 0x0000000712700000| Untracked 
| 272|0x0000000712800000, 0x0000000712800000, 0x0000000712900000|  0%| F|  |TAMS 0x0000000712800000, 0x0000000712800000| Untracked 
| 273|0x0000000712900000, 0x0000000712900000, 0x0000000712a00000|  0%| F|  |TAMS 0x0000000712900000, 0x0000000712900000| Untracked 
| 274|0x0000000712a00000, 0x0000000712a00000, 0x0000000712b00000|  0%| F|  |TAMS 0x0000000712a00000, 0x0000000712a00000| Untracked 
| 275|0x0000000712b00000, 0x0000000712b00000, 0x0000000712c00000|  0%| F|  |TAMS 0x0000000712b00000, 0x0000000712b00000| Untracked 
| 276|0x0000000712c00000, 0x0000000712c80800, 0x0000000712d00000| 50%| E|  |TAMS 0x0000000712c00000, 0x0000000712c00000| Complete 
| 277|0x0000000712d00000, 0x0000000712e00000, 0x0000000712e00000|100%| E|CS|TAMS 0x0000000712d00000, 0x0000000712d00000| Complete 
| 278|0x0000000712e00000, 0x0000000712f00000, 0x0000000712f00000|100%| E|CS|TAMS 0x0000000712e00000, 0x0000000712e00000| Complete 
| 279|0x0000000712f00000, 0x0000000713000000, 0x0000000713000000|100%| E|CS|TAMS 0x0000000712f00000, 0x0000000712f00000| Complete 
| 280|0x0000000713000000, 0x0000000713100000, 0x0000000713100000|100%| E|CS|TAMS 0x0000000713000000, 0x0000000713000000| Complete 
| 281|0x0000000713100000, 0x0000000713200000, 0x0000000713200000|100%| E|CS|TAMS 0x0000000713100000, 0x0000000713100000| Complete 
| 282|0x0000000713200000, 0x0000000713300000, 0x0000000713300000|100%| E|CS|TAMS 0x0000000713200000, 0x0000000713200000| Complete 
| 283|0x0000000713300000, 0x0000000713400000, 0x0000000713400000|100%| E|CS|TAMS 0x0000000713300000, 0x0000000713300000| Complete 
| 284|0x0000000713400000, 0x0000000713500000, 0x0000000713500000|100%| E|CS|TAMS 0x0000000713400000, 0x0000000713400000| Complete 
| 285|0x0000000713500000, 0x0000000713600000, 0x0000000713600000|100%| E|CS|TAMS 0x0000000713500000, 0x0000000713500000| Complete 
| 286|0x0000000713600000, 0x0000000713700000, 0x0000000713700000|100%| E|CS|TAMS 0x0000000713600000, 0x0000000713600000| Complete 
| 287|0x0000000713700000, 0x0000000713800000, 0x0000000713800000|100%| E|CS|TAMS 0x0000000713700000, 0x0000000713700000| Complete 
| 288|0x0000000713800000, 0x0000000713900000, 0x0000000713900000|100%| E|CS|TAMS 0x0000000713800000, 0x0000000713800000| Complete 
| 289|0x0000000713900000, 0x0000000713a00000, 0x0000000713a00000|100%| E|CS|TAMS 0x0000000713900000, 0x0000000713900000| Complete 
| 290|0x0000000713a00000, 0x0000000713b00000, 0x0000000713b00000|100%| E|CS|TAMS 0x0000000713a00000, 0x0000000713a00000| Complete 
| 291|0x0000000713b00000, 0x0000000713c00000, 0x0000000713c00000|100%| E|CS|TAMS 0x0000000713b00000, 0x0000000713b00000| Complete 
| 292|0x0000000713c00000, 0x0000000713d00000, 0x0000000713d00000|100%| E|CS|TAMS 0x0000000713c00000, 0x0000000713c00000| Complete 
| 293|0x0000000713d00000, 0x0000000713e00000, 0x0000000713e00000|100%| E|CS|TAMS 0x0000000713d00000, 0x0000000713d00000| Complete 
| 294|0x0000000713e00000, 0x0000000713f00000, 0x0000000713f00000|100%| E|CS|TAMS 0x0000000713e00000, 0x0000000713e00000| Complete 
| 295|0x0000000713f00000, 0x0000000714000000, 0x0000000714000000|100%| E|CS|TAMS 0x0000000713f00000, 0x0000000713f00000| Complete 
| 296|0x0000000714000000, 0x0000000714100000, 0x0000000714100000|100%| E|CS|TAMS 0x0000000714000000, 0x0000000714000000| Complete 
| 297|0x0000000714100000, 0x0000000714200000, 0x0000000714200000|100%| E|CS|TAMS 0x0000000714100000, 0x0000000714100000| Complete 
| 298|0x0000000714200000, 0x0000000714300000, 0x0000000714300000|100%| E|CS|TAMS 0x0000000714200000, 0x0000000714200000| Complete 
| 299|0x0000000714300000, 0x0000000714400000, 0x0000000714400000|100%| E|CS|TAMS 0x0000000714300000, 0x0000000714300000| Complete 
| 300|0x0000000714400000, 0x0000000714500000, 0x0000000714500000|100%| E|CS|TAMS 0x0000000714400000, 0x0000000714400000| Complete 
| 301|0x0000000714500000, 0x0000000714600000, 0x0000000714600000|100%| E|CS|TAMS 0x0000000714500000, 0x0000000714500000| Complete 
| 302|0x0000000714600000, 0x0000000714700000, 0x0000000714700000|100%| E|CS|TAMS 0x0000000714600000, 0x0000000714600000| Complete 
| 303|0x0000000714700000, 0x0000000714800000, 0x0000000714800000|100%| E|CS|TAMS 0x0000000714700000, 0x0000000714700000| Complete 
| 304|0x0000000714800000, 0x0000000714900000, 0x0000000714900000|100%| E|CS|TAMS 0x0000000714800000, 0x0000000714800000| Complete 
| 305|0x0000000714900000, 0x0000000714a00000, 0x0000000714a00000|100%| E|CS|TAMS 0x0000000714900000, 0x0000000714900000| Complete 
| 306|0x0000000714a00000, 0x0000000714b00000, 0x0000000714b00000|100%| E|CS|TAMS 0x0000000714a00000, 0x0000000714a00000| Complete 
| 307|0x0000000714b00000, 0x0000000714c00000, 0x0000000714c00000|100%| E|CS|TAMS 0x0000000714b00000, 0x0000000714b00000| Complete 

Card table byte_map: [0x00000286695f0000,0x0000028669df0000] _byte_map_base: 0x0000028665de4000

Marking Bits (Prev, Next): (CMBitMap*) 0x00000286516ff620, (CMBitMap*) 0x00000286516ff5e8
 Prev Bits: [0x000002866e590000, 0x0000028672530000)
 Next Bits: [0x000002866a5f0000, 0x000002866e590000)

Polling page: 0x000002864f590000

Metaspace:

Usage:
  Non-class:     22.87 MB capacity,    22.73 MB (>99%) used,   118.06 KB ( <1%) free+waste,    31.56 KB ( <1%) overhead. 
      Class:      2.97 MB capacity,     2.88 MB ( 97%) used,    72.20 KB (  2%) free+waste,    12.31 KB ( <1%) overhead. 
       Both:     25.84 MB capacity,    25.61 MB (>99%) used,   190.27 KB ( <1%) free+waste,    43.88 KB ( <1%) overhead. 

Virtual space:
  Non-class space:       24.00 MB reserved,      23.00 MB ( 96%) committed 
      Class space:        1.00 GB reserved,       3.00 MB ( <1%) committed 
             Both:        1.02 GB reserved,      26.00 MB (  2%) committed 

Chunk freelists:
   Non-Class:  2.00 KB
       Class:  2.00 KB
        Both:  4.00 KB

MaxMetaspaceSize: 17179869184.00 GB
CompressedClassSpaceSize: 1.00 GB
Initial GC threshold: 20.80 MB
Current GC threshold: 35.20 MB
CDS: off

CodeHeap 'non-profiled nmethods': size=120064Kb used=1570Kb max_used=1570Kb free=118493Kb
 bounds [0x00000286618b0000, 0x0000028661b20000, 0x0000028668df0000]
CodeHeap 'profiled nmethods': size=120000Kb used=7051Kb max_used=7051Kb free=112948Kb
 bounds [0x000002865a380000, 0x000002865aa70000, 0x00000286618b0000]
CodeHeap 'non-nmethods': size=5696Kb used=1227Kb max_used=1282Kb free=4468Kb
 bounds [0x0000028659df0000, 0x000002865a060000, 0x000002865a380000]
 total_blobs=3875 nmethods=3376 adapters=411
 compilation: enabled
              stopped_count=0, restarted_count=0
 full_count=0

Compilation events (20 events):
Event: 3.833 Thread 0x000002867534a800 3387       2       jdk.internal.org.objectweb.asm.Type::getDescriptor (87 bytes)
Event: 3.834 Thread 0x000002867534a800 nmethod 3387 0x000002865aa5d610 code [0x000002865aa5d800, 0x000002865aa5da28]
Event: 3.834 Thread 0x000002867534a800 3388       2       jdk.internal.org.objectweb.asm.Type::getDescriptor (18 bytes)
Event: 3.834 Thread 0x000002867534a800 nmethod 3388 0x000002865aa5dc10 code [0x000002865aa5de00, 0x000002865aa5e138]
Event: 3.835 Thread 0x000002867534a800 3389       2       jdk.internal.org.objectweb.asm.ClassWriter::newNameTypeItem (71 bytes)
Event: 3.835 Thread 0x000002867534a800 nmethod 3389 0x000002865aa5e290 code [0x000002865aa5e4a0, 0x000002865aa5e7b8]
Event: 3.839 Thread 0x000002867534a800 3391       2       sun.nio.fs.WindowsPathParser::normalize (233 bytes)
Event: 3.841 Thread 0x000002867534a800 nmethod 3391 0x000002865aa5ea10 code [0x000002865aa5edc0, 0x000002865aa5ffe8]
Event: 3.843 Thread 0x000002867534a800 3392       2       java.io.FileInputStream::read (9 bytes)
Event: 3.843 Thread 0x000002867534a800 nmethod 3392 0x000002865aa60b10 code [0x000002865aa60cc0, 0x000002865aa60de8]
Event: 3.845 Thread 0x000002867534a800 3393       2       java.io.WinNTFileSystem::normalize (143 bytes)
Event: 3.846 Thread 0x000002867534a800 nmethod 3393 0x000002865aa60e90 code [0x000002865aa610a0, 0x000002865aa61598]
Event: 3.857 Thread 0x000002867534a800 3394   !   2       java.nio.DirectByteBuffer::put (32 bytes)
Event: 3.857 Thread 0x000002867534a800 nmethod 3394 0x000002865aa61910 code [0x000002865aa61ac0, 0x000002865aa61c18]
Event: 3.867 Thread 0x000002867534a800 3398       2       java.lang.invoke.MemberName::isMethod (7 bytes)
Event: 3.867 Thread 0x000002867534a800 nmethod 3398 0x000002865aa61d90 code [0x000002865aa61f40, 0x000002865aa62058]
Event: 3.867 Thread 0x000002867534a800 3399       2       java.lang.invoke.MethodTypeForm::canonicalizeAll (66 bytes)
Event: 3.868 Thread 0x000002867534a800 nmethod 3399 0x000002865aa62110 code [0x000002865aa62300, 0x000002865aa62678]
Event: 3.868 Thread 0x000002867534a800 3400       2       jdk.internal.org.objectweb.asm.MethodWriter::visitInsn (114 bytes)
Event: 3.868 Thread 0x000002867534a800 nmethod 3400 0x000002865aa62890 code [0x000002865aa62a60, 0x000002865aa62cc8]

GC Heap History (10 events):
Event: 0.511 GC heap before
{Heap before GC invocations=0 (full 0):
 garbage-first heap   total 262144K, used 14336K [0x0000000701800000, 0x0000000800000000)
  region size 1024K, 14 young (14336K), 0 survivors (0K)
 Metaspace       used 8150K, capacity 8259K, committed 8448K, reserved 1056768K
  class space    used 687K, capacity 724K, committed 768K, reserved 1048576K
}
Event: 0.516 GC heap after
{Heap after GC invocations=1 (full 0):
 garbage-first heap   total 262144K, used 4853K [0x0000000701800000, 0x0000000800000000)
  region size 1024K, 2 young (2048K), 2 survivors (2048K)
 Metaspace       used 8150K, capacity 8259K, committed 8448K, reserved 1056768K
  class space    used 687K, capacity 724K, committed 768K, reserved 1048576K
}
Event: 0.796 GC heap before
{Heap before GC invocations=1 (full 0):
 garbage-first heap   total 262144K, used 15093K [0x0000000701800000, 0x0000000800000000)
  region size 1024K, 12 young (12288K), 2 survivors (2048K)
 Metaspace       used 9874K, capacity 9980K, committed 10240K, reserved 1058816K
  class space    used 896K, capacity 960K, committed 1024K, reserved 1048576K
}
Event: 0.800 GC heap after
{Heap after GC invocations=2 (full 0):
 garbage-first heap   total 262144K, used 6941K [0x0000000701800000, 0x0000000800000000)
  region size 1024K, 2 young (2048K), 2 survivors (2048K)
 Metaspace       used 9874K, capacity 9980K, committed 10240K, reserved 1058816K
  class space    used 896K, capacity 960K, committed 1024K, reserved 1048576K
}
Event: 1.340 GC heap before
{Heap before GC invocations=2 (full 0):
 garbage-first heap   total 262144K, used 40733K [0x0000000701800000, 0x0000000800000000)
  region size 1024K, 30 young (30720K), 2 survivors (2048K)
 Metaspace       used 13404K, capacity 13569K, committed 13696K, reserved 1060864K
  class space    used 1338K, capacity 1387K, committed 1408K, reserved 1048576K
}
Event: 1.348 GC heap after
{Heap after GC invocations=3 (full 0):
 garbage-first heap   total 262144K, used 15565K [0x0000000701800000, 0x0000000800000000)
  region size 1024K, 4 young (4096K), 4 survivors (4096K)
 Metaspace       used 13404K, capacity 13569K, committed 13696K, reserved 1060864K
  class space    used 1338K, capacity 1387K, committed 1408K, reserved 1048576K
}
Event: 2.008 GC heap before
{Heap before GC invocations=3 (full 0):
 garbage-first heap   total 262144K, used 52429K [0x0000000701800000, 0x0000000800000000)
  region size 1024K, 40 young (40960K), 4 survivors (4096K)
 Metaspace       used 18157K, capacity 18331K, committed 18432K, reserved 1064960K
  class space    used 1985K, capacity 2048K, committed 2048K, reserved 1048576K
}
Event: 2.018 GC heap after
{Heap after GC invocations=4 (full 0):
 garbage-first heap   total 262144K, used 20898K [0x0000000701800000, 0x0000000800000000)
  region size 1024K, 5 young (5120K), 5 survivors (5120K)
 Metaspace       used 18157K, capacity 18331K, committed 18432K, reserved 1064960K
  class space    used 1985K, capacity 2048K, committed 2048K, reserved 1048576K
}
Event: 2.395 GC heap before
{Heap before GC invocations=4 (full 0):
 garbage-first heap   total 262144K, used 33186K [0x0000000701800000, 0x0000000800000000)
  region size 1024K, 18 young (18432K), 5 survivors (5120K)
 Metaspace       used 20911K, capacity 21127K, committed 21296K, reserved 1069056K
  class space    used 2339K, capacity 2402K, committed 2432K, reserved 1048576K
}
Event: 2.407 GC heap after
{Heap after GC invocations=5 (full 0):
 garbage-first heap   total 315392K, used 22716K [0x0000000701800000, 0x0000000800000000)
  region size 1024K, 5 young (5120K), 5 survivors (5120K)
 Metaspace       used 20911K, capacity 21127K, committed 21296K, reserved 1069056K
  class space    used 2339K, capacity 2402K, committed 2432K, reserved 1048576K
}

Deoptimization events (20 events):
Event: 3.146 Thread 0x0000028651698000 Uncommon trap: trap_request=0xffffffde fr.pc=0x00000286619d0444 relative=0x0000000000000884
Event: 3.146 Thread 0x0000028651698000 Uncommon trap: reason=class_check action=maybe_recompile pc=0x00000286619d0444 method=org.eclipse.xtext.nodemodel.impl.NodeModelBuilder.addChild(Lorg/eclipse/xtext/nodemodel/ICompositeNode;Lorg/eclipse/xtext/nodemodel/impl/AbstractNode;)V @ 6 c2
Event: 3.146 Thread 0x0000028651698000 DEOPT PACKING pc=0x00000286619d0444 sp=0x000000cf618fb200
Event: 3.146 Thread 0x0000028651698000 DEOPT UNPACKING pc=0x0000028659e3a1af sp=0x000000cf618fb130 mode 2
Event: 3.155 Thread 0x0000028651698000 Uncommon trap: trap_request=0xffffff4d fr.pc=0x00000286619e0008 relative=0x00000000000005a8
Event: 3.155 Thread 0x0000028651698000 Uncommon trap: reason=unstable_if action=reinterpret pc=0x00000286619e0008 method=org.uqbar.project.wollok.parser.antlr.internal.InternalWollokDslLexer$DFA19.specialStateTransition(ILorg/antlr/runtime/IntStream;)I @ 699 c2
Event: 3.155 Thread 0x0000028651698000 DEOPT PACKING pc=0x00000286619e0008 sp=0x000000cf618fbf80
Event: 3.155 Thread 0x0000028651698000 DEOPT UNPACKING pc=0x0000028659e3a1af sp=0x000000cf618fbee8 mode 2
Event: 3.155 Thread 0x0000028651698000 Uncommon trap: trap_request=0xffffffde fr.pc=0x00000286619cc86c relative=0x000000000000058c
Event: 3.155 Thread 0x0000028651698000 Uncommon trap: reason=class_check action=maybe_recompile pc=0x00000286619cc86c method=org.eclipse.xtext.nodemodel.impl.NodeModelBuilder.addChild(Lorg/eclipse/xtext/nodemodel/ICompositeNode;Lorg/eclipse/xtext/nodemodel/impl/AbstractNode;)V @ 6 c2
Event: 3.155 Thread 0x0000028651698000 DEOPT PACKING pc=0x00000286619cc86c sp=0x000000cf618fb650
Event: 3.155 Thread 0x0000028651698000 DEOPT UNPACKING pc=0x0000028659e3a1af sp=0x000000cf618fb608 mode 2
Event: 3.365 Thread 0x0000028651698000 Uncommon trap: trap_request=0xffffff4d fr.pc=0x00000286619f91ac relative=0x00000000000012cc
Event: 3.365 Thread 0x0000028651698000 Uncommon trap: reason=unstable_if action=reinterpret pc=0x00000286619f91ac method=java.util.concurrent.ConcurrentHashMap.putVal(Ljava/lang/Object;Ljava/lang/Object;Z)Ljava/lang/Object; @ 148 c2
Event: 3.365 Thread 0x0000028651698000 DEOPT PACKING pc=0x00000286619f91ac sp=0x000000cf618fcc30
Event: 3.365 Thread 0x0000028651698000 DEOPT UNPACKING pc=0x0000028659e3a1af sp=0x000000cf618fcbd0 mode 2
Event: 3.829 Thread 0x0000028651698000 Uncommon trap: trap_request=0xffffff4d fr.pc=0x000002866193dc88 relative=0x0000000000001568
Event: 3.829 Thread 0x0000028651698000 Uncommon trap: reason=unstable_if action=reinterpret pc=0x000002866193dc88 method=java.io.WinNTFileSystem.normalize(Ljava/lang/String;)Ljava/lang/String; @ 128 c2
Event: 3.830 Thread 0x0000028651698000 DEOPT PACKING pc=0x000002866193dc88 sp=0x000000cf618fa350
Event: 3.830 Thread 0x0000028651698000 DEOPT UNPACKING pc=0x0000028659e3a1af sp=0x000000cf618fa328 mode 2

Classes redefined (0 events):
No events

Internal exceptions (20 events):
Event: 0.768 Thread 0x0000028651698000 Exception <a 'java/lang/ClassNotFoundException'{0x0000000710e18f40}: java/lang/ObjectCustomizer> (0x0000000710e18f40) thrown at [./src/hotspot/share/classfile/systemDictionary.cpp, line 230]
Event: 0.777 Thread 0x0000028651698000 Exception <a 'java/lang/ClassNotFoundException'{0x0000000710e310d8}: org/apache/log4j/LayoutCustomizer> (0x0000000710e310d8) thrown at [./src/hotspot/share/classfile/systemDictionary.cpp, line 230]
Event: 0.781 Thread 0x0000028651698000 Exception <a 'java/lang/ClassNotFoundException'{0x0000000710e48e28}: org/apache/log4j/PatternLayoutCustomizer> (0x0000000710e48e28) thrown at [./src/hotspot/share/classfile/systemDictionary.cpp, line 230]
Event: 0.787 Thread 0x0000028651698000 Implicit null exception at 0x00000286618f01f4 to 0x00000286618f06f0
Event: 2.369 Thread 0x0000028651698000 Implicit null exception at 0x00000286618f0c74 to 0x00000286618f1190
Event: 2.586 Thread 0x0000028651698000 Exception <a 'java/io/FileNotFoundException'{0x000000071477cff0}> (0x000000071477cff0) thrown at [./src/hotspot/share/prims/jni.cpp, line 617]
Event: 3.149 Thread 0x0000028651698000 Exception <a 'java/io/FileNotFoundException'{0x0000000713bd4890}> (0x0000000713bd4890) thrown at [./src/hotspot/share/prims/jni.cpp, line 617]
Event: 3.153 Thread 0x0000028651698000 Exception <a 'java/io/FileNotFoundException'{0x0000000713be5a78}> (0x0000000713be5a78) thrown at [./src/hotspot/share/prims/jni.cpp, line 617]
Event: 3.161 Thread 0x0000028651698000 Exception <a 'java/io/FileNotFoundException'{0x0000000713a084b8}> (0x0000000713a084b8) thrown at [./src/hotspot/share/prims/jni.cpp, line 617]
Event: 3.507 Thread 0x0000028651698000 Exception <a 'java/lang/reflect/InvocationTargetException'{0x0000000713029fc8}> (0x0000000713029fc8) thrown at [./src/hotspot/share/runtime/reflection.cpp, line 1247]
Event: 3.509 Thread 0x0000028651698000 Exception <a 'java/lang/reflect/InvocationTargetException'{0x0000000713046648}> (0x0000000713046648) thrown at [./src/hotspot/share/runtime/reflection.cpp, line 1247]
Event: 3.511 Thread 0x0000028651698000 Exception <a 'java/lang/reflect/InvocationTargetException'{0x0000000713065430}> (0x0000000713065430) thrown at [./src/hotspot/share/runtime/reflection.cpp, line 1247]
Event: 3.597 Thread 0x0000028651698000 Exception <a 'java/lang/NoSuchMethodError'{0x0000000712d2e188}: 'java.lang.Object java.lang.invoke.DirectMethodHandle$Holder.invokeStaticInit(java.lang.Object, int, int, int, int)'> (0x0000000712d2e188) thrown at [./src/hotspot/share/interpreter/linkResolver.cpp, line 773]
Event: 3.834 Thread 0x0000028651698000 Exception <a 'java/lang/NoSuchMethodError'{0x0000000712d57940}: 'java.lang.Object java.lang.invoke.DirectMethodHandle$Holder.invokeStaticInit(java.lang.Object, java.lang.Object, int, int, int, int)'> (0x0000000712d57940) thrown at [./src/hotspot/share/interpreter/linkResolver.cpp, line 773]
Event: 3.865 Thread 0x0000028651698000 Exception <a 'java/security/PrivilegedActionException'{0x0000000712c0e2d8}> (0x0000000712c0e2d8) thrown at [./src/hotspot/share/prims/jvm.cpp, line 1306]
Event: 3.866 Thread 0x0000028651698000 Exception <a 'java/security/PrivilegedActionException'{0x0000000712c0fa20}> (0x0000000712c0fa20) thrown at [./src/hotspot/share/prims/jvm.cpp, line 1306]
Event: 3.866 Thread 0x0000028651698000 Exception <a 'java/security/PrivilegedActionException'{0x0000000712c11088}> (0x0000000712c11088) thrown at [./src/hotspot/share/prims/jvm.cpp, line 1306]
Event: 3.869 Thread 0x0000028651698000 Exception <a 'java/security/PrivilegedActionException'{0x0000000712c1dae8}> (0x0000000712c1dae8) thrown at [./src/hotspot/share/prims/jvm.cpp, line 1306]
Event: 3.869 Thread 0x0000028651698000 Exception <a 'java/security/PrivilegedActionException'{0x0000000712c1f148}> (0x0000000712c1f148) thrown at [./src/hotspot/share/prims/jvm.cpp, line 1306]
Event: 3.869 Thread 0x0000028651698000 Exception <a 'java/security/PrivilegedActionException'{0x0000000712c20768}> (0x0000000712c20768) thrown at [./src/hotspot/share/prims/jvm.cpp, line 1306]

Events (20 events):
Event: 3.876 loading class org/lwjgl/MemoryUtil$Accessor
Event: 3.876 loading class org/lwjgl/MemoryUtil$Accessor done
Event: 3.877 loading class java/nio/charset/CharacterCodingException
Event: 3.877 loading class java/nio/charset/CharacterCodingException done
Event: 3.877 loading class org/lwjgl/MemoryUtilSun$AccessorUnsafe
Event: 3.877 loading class org/lwjgl/MemoryUtilSun$AccessorUnsafe done
Event: 3.878 loading class sun/misc/Unsafe
Event: 3.878 loading class sun/misc/Unsafe done
Event: 3.879 loading class org/lwjgl/MemoryUtilSun
Event: 3.879 loading class org/lwjgl/MemoryUtilSun done
Event: 3.879 loading class org/lwjgl/MemoryUtilSun$AccessorReflectFast
Event: 3.879 loading class org/lwjgl/MemoryUtilSun$AccessorReflectFast done
Event: 3.900 loading class org/lwjgl/openal/ALCdevice
Event: 3.900 loading class org/lwjgl/openal/ALCdevice done
Event: 3.901 loading class org/lwjgl/openal/ALCcontext
Event: 3.901 loading class org/lwjgl/openal/ALCcontext done
Event: 3.902 loading class org/lwjgl/openal/Util
Event: 3.902 loading class org/lwjgl/openal/Util done
Event: 3.902 loading class org/lwjgl/openal/OpenALException
Event: 3.902 loading class org/lwjgl/openal/OpenALException done


Dynamic libraries:
0x00007ff76e590000 - 0x00007ff76e59d000 	D:\Software\JavaDevelopmentKit1.8\bin\javaw.exe
0x00007ffac1f90000 - 0x00007ffac2188000 	C:\WINDOWS\SYSTEM32\ntdll.dll
0x00007ffac0300000 - 0x00007ffac03bd000 	C:\WINDOWS\System32\KERNEL32.DLL
0x00007ffabfac0000 - 0x00007ffabfd8e000 	C:\WINDOWS\System32\KERNELBASE.dll
0x00007ffabf6b0000 - 0x00007ffabf7b0000 	C:\WINDOWS\System32\ucrtbase.dll
0x00007ffaba7d0000 - 0x00007ffaba7e7000 	D:\Software\JavaDevelopmentKit1.8\bin\jli.dll
0x00007ffac04f0000 - 0x00007ffac0690000 	C:\WINDOWS\System32\USER32.dll
0x00007ffabf8b0000 - 0x00007ffabf8d2000 	C:\WINDOWS\System32\win32u.dll
0x00007ffac1d70000 - 0x00007ffac1d9a000 	C:\WINDOWS\System32\GDI32.dll
0x00007ffabf9b0000 - 0x00007ffabfabb000 	C:\WINDOWS\System32\gdi32full.dll
0x00007ffabf8e0000 - 0x00007ffabf97d000 	C:\WINDOWS\System32\msvcp_win.dll
0x00007ffab89b0000 - 0x00007ffab89c5000 	D:\Software\JavaDevelopmentKit1.8\bin\VCRUNTIME140.dll
0x00007ffa9e440000 - 0x00007ffa9e6da000 	C:\WINDOWS\WinSxS\amd64_microsoft.windows.common-controls_6595b64144ccf1df_6.0.19041.1110_none_60b5254171f9507e\COMCTL32.dll
0x00007ffac1240000 - 0x00007ffac12de000 	C:\WINDOWS\System32\msvcrt.dll
0x00007ffac1210000 - 0x00007ffac1240000 	C:\WINDOWS\System32\IMM32.DLL
0x00007ffa90020000 - 0x00007ffa900bb000 	D:\Software\JavaDevelopmentKit1.8\bin\msvcp140.dll
0x00007ffa40ad0000 - 0x00007ffa41652000 	D:\Software\JavaDevelopmentKit1.8\bin\server\jvm.dll
0x00007ffac0120000 - 0x00007ffac01ce000 	C:\WINDOWS\System32\ADVAPI32.dll
0x00007ffac1170000 - 0x00007ffac120c000 	C:\WINDOWS\System32\sechost.dll
0x00007ffac1ac0000 - 0x00007ffac1be5000 	C:\WINDOWS\System32\RPCRT4.dll
0x00007ffac0eb0000 - 0x00007ffac0eb8000 	C:\WINDOWS\System32\PSAPI.DLL
0x00007ffab1180000 - 0x00007ffab11a7000 	C:\WINDOWS\SYSTEM32\WINMM.dll
0x00007ffaa90c0000 - 0x00007ffaa90c9000 	C:\WINDOWS\SYSTEM32\WSOCK32.dll
0x00007ffac0ec0000 - 0x00007ffac0f2b000 	C:\WINDOWS\System32\WS2_32.dll
0x00007ffab6d30000 - 0x00007ffab6d3a000 	C:\WINDOWS\SYSTEM32\VERSION.dll
0x00007ffabdf40000 - 0x00007ffabdf52000 	C:\WINDOWS\SYSTEM32\kernel.appcore.dll
0x00007ffaba740000 - 0x00007ffaba750000 	D:\Software\JavaDevelopmentKit1.8\bin\verify.dll
0x00007ffabdc00000 - 0x00007ffabdde4000 	C:\WINDOWS\SYSTEM32\DBGHELP.DLL
0x00007ffa9f220000 - 0x00007ffa9f24c000 	C:\WINDOWS\SYSTEM32\dbgcore.DLL
0x00007ffabff60000 - 0x00007ffabffe2000 	C:\WINDOWS\System32\bcryptPrimitives.dll
0x00007ffab88e0000 - 0x00007ffab8908000 	D:\Software\JavaDevelopmentKit1.8\bin\java.dll
0x00007ffaba720000 - 0x00007ffaba72a000 	D:\Software\JavaDevelopmentKit1.8\bin\jimage.dll
0x00007ffab8800000 - 0x00007ffab8818000 	D:\Software\JavaDevelopmentKit1.8\bin\zip.dll
0x00007ffac06b0000 - 0x00007ffac0df3000 	C:\WINDOWS\System32\SHELL32.dll
0x00007ffabd390000 - 0x00007ffabdb25000 	C:\WINDOWS\SYSTEM32\windows.storage.dll
0x00007ffac12e0000 - 0x00007ffac1634000 	C:\WINDOWS\System32\combase.dll
0x00007ffabf110000 - 0x00007ffabf140000 	C:\WINDOWS\SYSTEM32\Wldp.dll
0x00007ffac03c0000 - 0x00007ffac046d000 	C:\WINDOWS\System32\SHCORE.dll
0x00007ffac1bf0000 - 0x00007ffac1c45000 	C:\WINDOWS\System32\shlwapi.dll
0x00007ffabf5f0000 - 0x00007ffabf60f000 	C:\WINDOWS\SYSTEM32\profapi.dll
0x00007ffab87e0000 - 0x00007ffab87f9000 	D:\Software\JavaDevelopmentKit1.8\bin\net.dll
0x00007ffab13e0000 - 0x00007ffab14ea000 	C:\WINDOWS\SYSTEM32\WINHTTP.dll
0x00007ffabee10000 - 0x00007ffabee7a000 	C:\WINDOWS\system32\mswsock.dll
0x00007ffab7f00000 - 0x00007ffab7f13000 	D:\Software\JavaDevelopmentKit1.8\bin\nio.dll
0x0000000065580000 - 0x0000000065616000 	C:\Users\bauti\AppData\Local\Temp\libgdxbauti\12dfaa03\gdx64.dll
0x00007ffabeff0000 - 0x00007ffabf008000 	C:\WINDOWS\SYSTEM32\CRYPTSP.dll
0x00007ffabe6e0000 - 0x00007ffabe714000 	C:\WINDOWS\system32\rsaenh.dll
0x00007ffabf980000 - 0x00007ffabf9a7000 	C:\WINDOWS\System32\bcrypt.dll
0x00007ffabf5b0000 - 0x00007ffabf5de000 	C:\WINDOWS\SYSTEM32\USERENV.dll
0x00007ffabefb0000 - 0x00007ffabefbc000 	C:\WINDOWS\SYSTEM32\CRYPTBASE.dll
0x00007ffabeab0000 - 0x00007ffabeaeb000 	C:\WINDOWS\SYSTEM32\IPHLPAPI.DLL
0x00007ffac1640000 - 0x00007ffac1648000 	C:\WINDOWS\System32\NSI.dll
0x00007ffab6c60000 - 0x00007ffab6c77000 	C:\WINDOWS\SYSTEM32\dhcpcsvc6.DLL
0x00007ffab6c40000 - 0x00007ffab6c5d000 	C:\WINDOWS\SYSTEM32\dhcpcsvc.DLL
0x00007ffabeb20000 - 0x00007ffabebea000 	C:\WINDOWS\SYSTEM32\DNSAPI.dll
0x0000000180000000 - 0x0000000180053000 	C:\Users\bauti\AppData\Local\Temp\libgdxbauti\dc0f0009\lwjgl64.dll
0x00007ffaa6960000 - 0x00007ffaa6a87000 	C:\WINDOWS\SYSTEM32\OPENGL32.dll
0x00007ffaa2a80000 - 0x00007ffaa2aac000 	C:\WINDOWS\SYSTEM32\GLU32.dll
0x0000028679230000 - 0x0000028679294000 	C:\Users\bauti\AppData\Local\Temp\libgdxbauti\dc0f0009\OpenAL64.dll
0x00007ffabfff0000 - 0x00007ffac011a000 	C:\WINDOWS\System32\ole32.dll
0x00007ffabcb40000 - 0x00007ffabcbde000 	C:\WINDOWS\system32\uxtheme.dll
0x00007ffac0e00000 - 0x00007ffac0ea9000 	C:\WINDOWS\System32\clbcatq.dll
0x00007ffa82310000 - 0x00007ffa823ac000 	C:\WINDOWS\SYSTEM32\dsound.dll
0x00007ffabec40000 - 0x00007ffabec8b000 	C:\WINDOWS\SYSTEM32\powrprof.dll
0x00007ffa88980000 - 0x00007ffa889a6000 	C:\WINDOWS\SYSTEM32\winmmbase.dll
0x00007ffabeaf0000 - 0x00007ffabeb02000 	C:\WINDOWS\SYSTEM32\UMPDC.dll
0x00007ffab9b40000 - 0x00007ffab9bc5000 	C:\WINDOWS\System32\MMDevApi.dll
0x00007ffabf460000 - 0x00007ffabf48c000 	C:\WINDOWS\System32\DEVOBJ.dll
0x00007ffabf7b0000 - 0x00007ffabf7fe000 	C:\WINDOWS\System32\cfgmgr32.dll
0x00007ffab9990000 - 0x00007ffab9b12000 	C:\WINDOWS\SYSTEM32\AUDIOSES.DLL
0x00007ffac0230000 - 0x00007ffac02fd000 	C:\WINDOWS\System32\OLEAUT32.dll

dbghelp: loaded successfully - version: 4.0.5 - missing functions: none
symbol engine: initialized successfully - sym options: 0x614 - pdb path: .;D:\Software\JavaDevelopmentKit1.8\bin;C:\WINDOWS\SYSTEM32;C:\WINDOWS\WinSxS\amd64_microsoft.windows.common-controls_6595b64144ccf1df_6.0.19041.1110_none_60b5254171f9507e;D:\Software\JavaDevelopmentKit1.8\bin\server;C:\Users\bauti\AppData\Local\Temp\libgdxbauti\12dfaa03;C:\Users\bauti\AppData\Local\Temp\libgdxbauti\dc0f0009

VM Arguments:
jvm_args: -Duser.language=es_AR -Dfile.encoding=UTF-8 
java_command: org.uqbar.project.wollok.launch.WollokLauncher -requestsPort 0 -eventsPort 0 -folder -dontValidate -coercingStrategy decimals -wf src/juego.wpgm -darkMode
java_class_path (initial): D:\Software\Wollok\workspace\DonkeyKong\bin;D:\Software\Wollok\plugins\com.ibm.icu_64.2.0.v20190507-1337.jar;D:\Software\Wollok\plugins\org.eclipse.xtext_2.20.0.v20191202-0915.jar;D:\Software\Wollok\plugins\org.eclipse.emf.ecore.xmi_2.16.0.v20190528-0725.jar;D:\Software\Wollok\plugins\org.eclipse.emf.ecore_2.20.0.v20190920-0401.jar;D:\Software\Wollok\plugins\org.eclipse.emf.common_2.17.0.v20190920-0401.jar;D:\Software\Wollok\plugins\org.antlr.runtime_3.2.0.v201101311130.jar;D:\Software\Wollok\plugins\com.google.inject_3.0.0.v201605172100.jar;D:\Software\Wollok\plugins\org.eclipse.emf.mwe.core_1.5.1.v20191121-1148.jar;D:\Software\Wollok\plugins\org.apache.commons.cli_1.2.0.v201404270220.jar;D:\Software\Wollok\plugins\org.eclipse.emf.mwe2.runtime_2.11.1.v20191121-1148.jar;D:\Software\Wollok\plugins\org.eclipse.emf.mwe.utils_1.5.1.v20191121-1148.jar;D:\Software\Wollok\plugins\org.eclipse.xtext.util_2.20.0.v20191202-0915.jar;D:\Software\Wollok\plugins\com.google.guava_27.1.0.v20190517-1946.jar;D:\Software\Wollok\plugins\javax.inject_1.0.0.v20091030.jar;D:\Software\Wollok\plugins\org.eclipse.xtext.generator_2.20.0.v20191202-0933.jar;D:\Software\Wollok\plugins\org.eclipse.xtext.xtext.generator_2.20.0.v20191202-0915.jar;D:\Software\Wollok\plugins\org.eclipse.xtext.xbase.lib_2.20.0.v20191202-0907.jar;D:\Software\Wollok\plugins\org.eclipse.emf.codegen.ecore_2.20.0.v20191012-0918.jar;D:\Software\Wollok\plugins\org.eclipse.emf.codegen_2.19.0.v20190821-1536.jar;D:\Software\Wollok\plugins\org.eclipse.xtend_2.2.0.v201605260315.jar;D:\Software\Wollok\plugins\org.eclipse.xpand_2.2.0.v201605260315.jar;D:\Software\Wollok\plugins\org.eclipse.xtend.typesystem.emf_2.2.0.v201605260315.jar;D:\Software\Wollok\plugins\org.uqbar.project.wollok_3.0.0.jar;D:\Software\Wollok\plugins\org.eclipse.xtext.xbase_2.20.0.v20191202-0933.jar;D:\Software\Wollok\plugins\org.eclipse.xtext.common.types_2.20.0.v20191202-0933.jar;D:\Software\Wollok\plugins\org.eclipse.xtend.lib_2.2
Launcher Type: SUN_STANDARD

[Global flags]
     intx CICompilerCount                          = 3                                         {product} {ergonomic}
     uint ConcGCThreads                            = 1                                         {product} {ergonomic}
     uint G1ConcRefinementThreads                  = 4                                         {product} {ergonomic}
   size_t G1HeapRegionSize                         = 1048576                                   {product} {ergonomic}
    uintx GCDrainStackTargetSize                   = 64                                        {product} {ergonomic}
   size_t InitialHeapSize                          = 268435456                                 {product} {ergonomic}
   size_t MarkStackSize                            = 4194304                                   {product} {ergonomic}
   size_t MaxHeapSize                              = 4269801472                                {product} {ergonomic}
   size_t MaxNewSize                               = 2561671168                                {product} {ergonomic}
   size_t MinHeapDeltaBytes                        = 1048576                                   {product} {ergonomic}
    uintx NonNMethodCodeHeapSize                   = 5830732                                {pd product} {ergonomic}
    uintx NonProfiledCodeHeapSize                  = 122913754                              {pd product} {ergonomic}
    uintx ProfiledCodeHeapSize                     = 122913754                              {pd product} {ergonomic}
    uintx ReservedCodeCacheSize                    = 251658240                              {pd product} {ergonomic}
     bool SegmentedCodeCache                       = true                                      {product} {ergonomic}
     bool UseCompressedClassPointers               = true                                 {lp64_product} {ergonomic}
     bool UseCompressedOops                        = true                                 {lp64_product} {ergonomic}
     bool UseG1GC                                  = true                                      {product} {ergonomic}
     bool UseLargePagesIndividualAllocation        = false                                  {pd product} {ergonomic}

Logging:
Log output configuration:
 #0: stdout all=warning uptime,level,tags
 #1: stderr all=off uptime,level,tags

Environment Variables:
PATH=D:/Software/JavaDevelopmentKit1.8/bin/client;D:/Software/JavaDevelopmentKit1.8/bin;D:\Software\JavaDevelopmentKit1.8\bin;C:\Program Files (x86)\Common Files\Intel\Shared Libraries\redist\intel64\compiler;C:\Program Files (x86)\Common Files\Oracle\Java\javapath;C:\Windows\system32;C:\Windows;C:\Windows\System32\Wbem;C:\Windows\System32\WindowsPowerShell\v1.0\;C:\WINDOWS\system32;C:\WINDOWS;C:\WINDOWS\System32\Wbem;C:\WINDOWS\System32\WindowsPowerShell\v1.0\;C:\WINDOWS\System32\OpenSSH\;C:\Program Files\Microsoft SQL Server\Client SDK\ODBC\110\Tools\Binn\;C:\Program Files (x86)\Microsoft SQL Server\120\Tools\Binn\;C:\Program Files\Microsoft SQL Server\120\Tools\Binn\;C:\Program Files\Microsoft SQL Server\120\DTS\Binn\;C:\Program Files (x86)\Windows Kits\8.1\Windows Performance Toolkit\;D:\Python30;D:\Python30\Scripts;C:\Program Files\NVIDIA Corporation\NVIDIA NvDLISR;D:\Calibre\;C:\WINDOWS\system32;C:\WINDOWS;C:\WINDOWS\System32\Wbem;C:\WINDOWS\System32\WindowsPowerShell\v1.0\;C:\WINDOWS\System32\OpenSSH\;C:\MinGW\bin;C:\Program Files\dotnet\;C:\Program Files (x86)\NVIDIA Corporation\PhysX\Common;C:\Program Files (x86)\Intel\Intel(R) Management Engine Components\DAL;C:\Program Files\Intel\Intel(R) Management Engine Components\DAL;C:\Program Files\Intel\WiFi\bin\;C:\Program Files\Common Files\Intel\WirelessCommon\;C:\Program Files\Git\cmd;D:\Software\Prolog\swipl\bin;C:\GnuWin32\bin;C:\GnuWin32\lib;D:\Software\Stack;D:\Python30\Scripts\;D:\Python30\;C:\Users\bauti\AppData\Local\Microsoft\WindowsApps;D:\Microsoft VS Code\bin;;D:\Software\Wollok;
USERNAME=bauti
OS=Windows_NT
PROCESSOR_IDENTIFIER=Intel64 Family 6 Model 142 Stepping 9, GenuineIntel
TMP=C:\Users\bauti\AppData\Local\Temp
TEMP=C:\Users\bauti\AppData\Local\Temp



---------------  S Y S T E M  ---------------

OS: Windows 10 , 64 bit Build 19041 (10.0.19041.1889)
OS uptime: 0 days 1:25 hours
Hyper-V role detected

CPU:total 4 (initial active 4) (2 cores per cpu, 2 threads per core) family 6 model 142 stepping 9 microcode 0xde, cmov, cx8, fxsr, mmx, sse, sse2, sse3, ssse3, sse4.1, sse4.2, popcnt, avx, avx2, aes, clmul, erms, 3dnowpref, lzcnt, ht, tsc, tscinvbit, bmi1, bmi2, adx, fma

Memory: 4k page, system-wide physical 16282M (6535M free)
TotalPageFile size 41882M (AvailPageFile size 20615M)
current process WorkingSet (physical memory assigned to process): 220M, peak: 227M
current process commit charge ("private bytes"): 467M, peak: 474M

vm_info: OpenJDK 64-Bit Server VM (11.0.16.1+1) for windows-amd64 JRE (11.0.16.1+1), built on Aug 16 2022 02:58:04 by "" with MS VC++ 15.9 (VS2017)

END.
